This is pdfTeX, Version 3.14159265-2.6-1.40.19 (TeX Live 2018/W32TeX) (preloaded format=pdflatex 2018.7.5)  16 SEP 2019 14:48
entering extended mode
 restricted \write18 enabled.
 %&-line parsing enabled.
**thesis.tex
(./thesis.tex
LaTeX2e <2018-04-01> patch level 5
(c:/texlive/2018/texmf-dist/tex/latex/base/book.cls
Document Class: book 2014/09/29 v1.4h Standard LaTeX document class
(c:/texlive/2018/texmf-dist/tex/latex/base/bk10.clo
File: bk10.clo 2014/09/29 v1.4h Standard LaTeX file (size option)
)
\c@part=\count80
\c@chapter=\count81
\c@section=\count82
\c@subsection=\count83
\c@subsubsection=\count84
\c@paragraph=\count85
\c@subparagraph=\count86
\c@figure=\count87
\c@table=\count88
\abovecaptionskip=\skip41
\belowcaptionskip=\skip42
\bibindent=\dimen102
) (../preamble.sty

LaTeX Warning: You have requested package `../preamble',
               but the package provides `preamble'.

Package: preamble 
(c:/texlive/2018/texmf-dist/tex/latex/subfiles/subfiles.sty
Package: subfiles 2012/05/23 Federico Garcia

(c:/texlive/2018/texmf-dist/tex/latex/tools/verbatim.sty
Package: verbatim 2014/10/28 v1.5q LaTeX2e package for verbatim enhancements
\every@verbatim=\toks14
\verbatim@line=\toks15
\verbatim@in@stream=\read1
))
(c:/texlive/2018/texmf-dist/tex/latex/biblatex/biblatex.sty
Package: biblatex 2018/03/04 v3.11 programmable bibliographies (PK/MW)

(c:/texlive/2018/texmf-dist/tex/generic/oberdiek/pdftexcmds.sty
Package: pdftexcmds 2018/01/30 v0.27 Utility functions of pdfTeX for LuaTeX (HO
)

(c:/texlive/2018/texmf-dist/tex/generic/oberdiek/infwarerr.sty
Package: infwarerr 2016/05/16 v1.4 Providing info/warning/error messages (HO)
)
(c:/texlive/2018/texmf-dist/tex/generic/oberdiek/ifluatex.sty
Package: ifluatex 2016/05/16 v1.4 Provides the ifluatex switch (HO)
Package ifluatex Info: LuaTeX not detected.
)
(c:/texlive/2018/texmf-dist/tex/generic/oberdiek/ltxcmds.sty
Package: ltxcmds 2016/05/16 v1.23 LaTeX kernel commands for general use (HO)
)
(c:/texlive/2018/texmf-dist/tex/generic/oberdiek/ifpdf.sty
Package: ifpdf 2017/03/15 v3.2 Provides the ifpdf switch
)
Package pdftexcmds Info: LuaTeX not detected.
Package pdftexcmds Info: \pdf@primitive is available.
Package pdftexcmds Info: \pdf@ifprimitive is available.
Package pdftexcmds Info: \pdfdraftmode found.
)
(c:/texlive/2018/texmf-dist/tex/latex/etoolbox/etoolbox.sty
Package: etoolbox 2018/02/11 v2.5e e-TeX tools for LaTeX (JAW)
\etb@tempcnta=\count89
)
(c:/texlive/2018/texmf-dist/tex/latex/graphics/keyval.sty
Package: keyval 2014/10/28 v1.15 key=value parser (DPC)
\KV@toks@=\toks16
)
(c:/texlive/2018/texmf-dist/tex/latex/oberdiek/kvoptions.sty
Package: kvoptions 2016/05/16 v3.12 Key value format for package options (HO)

(c:/texlive/2018/texmf-dist/tex/generic/oberdiek/kvsetkeys.sty
Package: kvsetkeys 2016/05/16 v1.17 Key value parser (HO)

(c:/texlive/2018/texmf-dist/tex/generic/oberdiek/etexcmds.sty
Package: etexcmds 2016/05/16 v1.6 Avoid name clashes with e-TeX commands (HO)
Package etexcmds Info: Could not find \expanded.
(etexcmds)             That can mean that you are not using pdfTeX 1.50 or
(etexcmds)             that some package has redefined \expanded.
(etexcmds)             In the latter case, load this package earlier.
)))
(c:/texlive/2018/texmf-dist/tex/latex/logreq/logreq.sty
Package: logreq 2010/08/04 v1.0 xml request logger
\lrq@indent=\count90

(c:/texlive/2018/texmf-dist/tex/latex/logreq/logreq.def
File: logreq.def 2010/08/04 v1.0 logreq spec v1.0
))
(c:/texlive/2018/texmf-dist/tex/latex/base/ifthen.sty
Package: ifthen 2014/09/29 v1.1c Standard LaTeX ifthen package (DPC)
)
(c:/texlive/2018/texmf-dist/tex/latex/url/url.sty
\Urlmuskip=\muskip10
Package: url 2013/09/16  ver 3.4  Verb mode for urls, etc.
)
(c:/texlive/2018/texmf-dist/tex/generic/xstring/xstring.sty
(c:/texlive/2018/texmf-dist/tex/generic/xstring/xstring.tex
\@xs@message=\write3
\integerpart=\count91
\decimalpart=\count92
)
Package: xstring 2013/10/13  v1.7c  String manipulations (C Tellechea)
)
\c@tabx@nest=\count93
\c@listtotal=\count94
\c@listcount=\count95
\c@liststart=\count96
\c@liststop=\count97
\c@citecount=\count98
\c@citetotal=\count99
\c@multicitecount=\count100
\c@multicitetotal=\count101
\c@instcount=\count102
\c@maxnames=\count103
\c@minnames=\count104
\c@maxitems=\count105
\c@minitems=\count106
\c@citecounter=\count107
\c@savedcitecounter=\count108
\c@uniquelist=\count109
\c@uniquename=\count110
\c@refsection=\count111
\c@refsegment=\count112
\c@maxextratitle=\count113
\c@maxextratitleyear=\count114
\c@maxextradate=\count115
\c@maxextraalpha=\count116
\c@abbrvpenalty=\count117
\c@highnamepenalty=\count118
\c@lownamepenalty=\count119
\c@maxparens=\count120
\c@parenlevel=\count121
\blx@tempcnta=\count122
\blx@tempcntb=\count123
\blx@tempcntc=\count124
\blx@maxsection=\count125
\blx@maxsegment@0=\count126
\blx@notetype=\count127
\blx@parenlevel@text=\count128
\blx@parenlevel@foot=\count129
\blx@sectionciteorder@0=\count130
\labelnumberwidth=\skip43
\labelalphawidth=\skip44
\biblabelsep=\skip45
\bibitemsep=\skip46
\bibnamesep=\skip47
\bibinitsep=\skip48
\bibparsep=\skip49
\bibhang=\skip50
\blx@bcfin=\read2
\blx@bcfout=\write4
\c@mincomprange=\count131
\c@maxcomprange=\count132
\c@mincompwidth=\count133
Package biblatex Info: Trying to load biblatex default data model...
Package biblatex Info: ... file 'blx-dm.def' found.

(c:/texlive/2018/texmf-dist/tex/latex/biblatex/blx-dm.def
File: blx-dm.def 2018/03/04 v3.11 biblatex localization (PK/MW)
)
Package biblatex Info: Trying to load biblatex style data model...
Package biblatex Info: ... file 'ieee.dbx' not found.
Package biblatex Info: Trying to load biblatex custom data model...
Package biblatex Info: ... file 'biblatex-dm.cfg' not found.
\c@afterword=\count134
\c@savedafterword=\count135
\c@annotator=\count136
\c@savedannotator=\count137
\c@author=\count138
\c@savedauthor=\count139
\c@bookauthor=\count140
\c@savedbookauthor=\count141
\c@commentator=\count142
\c@savedcommentator=\count143
\c@editor=\count144
\c@savededitor=\count145
\c@editora=\count146
\c@savededitora=\count147
\c@editorb=\count148
\c@savededitorb=\count149
\c@editorc=\count150
\c@savededitorc=\count151
\c@foreword=\count152
\c@savedforeword=\count153
\c@holder=\count154
\c@savedholder=\count155
\c@introduction=\count156
\c@savedintroduction=\count157
\c@namea=\count158
\c@savednamea=\count159
\c@nameb=\count160
\c@savednameb=\count161
\c@namec=\count162
\c@savednamec=\count163
\c@translator=\count164
\c@savedtranslator=\count165
\c@shortauthor=\count166
\c@savedshortauthor=\count167
\c@shorteditor=\count168
\c@savedshorteditor=\count169
\c@labelname=\count170
\c@savedlabelname=\count171
\c@institution=\count172
\c@savedinstitution=\count173
\c@lista=\count174
\c@savedlista=\count175
\c@listb=\count176
\c@savedlistb=\count177
\c@listc=\count178
\c@savedlistc=\count179
\c@listd=\count180
\c@savedlistd=\count181
\c@liste=\count182
\c@savedliste=\count183
\c@listf=\count184
\c@savedlistf=\count185
\c@location=\count186
\c@savedlocation=\count187
\c@organization=\count188
\c@savedorganization=\count189
\c@origlocation=\count190
\c@savedoriglocation=\count191
\c@origpublisher=\count192
\c@savedorigpublisher=\count193
\c@publisher=\count194
\c@savedpublisher=\count195
\c@language=\count196
\c@savedlanguage=\count197
\c@origlanguage=\count198
\c@savedoriglanguage=\count199
\c@pageref=\count266
\c@savedpageref=\count267
\shorthandwidth=\skip51
\shortjournalwidth=\skip52
\shortserieswidth=\skip53
\shorttitlewidth=\skip54
\shortauthorwidth=\skip55
\shorteditorwidth=\skip56
\locallabelnumberwidth=\skip57
\locallabelalphawidth=\skip58
\localshorthandwidth=\skip59
\localshortjournalwidth=\skip60
\localshortserieswidth=\skip61
\localshorttitlewidth=\skip62
\localshortauthorwidth=\skip63
\localshorteditorwidth=\skip64
Package biblatex Info: Trying to load compatibility code...
Package biblatex Info: ... file 'blx-compat.def' found.

(c:/texlive/2018/texmf-dist/tex/latex/biblatex/blx-compat.def
File: blx-compat.def 2018/03/04 v3.11 biblatex compatibility (PK/MW)
)
Package biblatex Info: Trying to load generic definitions...
Package biblatex Info: ... file 'biblatex.def' found.

(c:/texlive/2018/texmf-dist/tex/latex/biblatex/biblatex.def
File: biblatex.def 2018/03/04 v3.11 biblatex compatibility (PK/MW)
\c@textcitecount=\count268
\c@textcitetotal=\count269
\c@textcitemaxnames=\count270
\c@biburlnumpenalty=\count271
\c@biburlucpenalty=\count272
\c@biburllcpenalty=\count273
\c@smartand=\count274
)
Package biblatex Info: Trying to load bibliography style 'ieee'...
Package biblatex Info: ... file 'ieee.bbx' found.

(c:/texlive/2018/texmf-dist/tex/latex/biblatex-ieee/ieee.bbx
File: ieee.bbx 2017/03/27 v1.2d biblatex bibliography style
Package biblatex Info: Trying to load bibliography style 'numeric-comp'...
Package biblatex Info: ... file 'numeric-comp.bbx' found.

(c:/texlive/2018/texmf-dist/tex/latex/biblatex/bbx/numeric-comp.bbx
File: numeric-comp.bbx 2018/03/04 v3.11 biblatex bibliography style (PK/MW)
Package biblatex Info: Trying to load bibliography style 'numeric'...
Package biblatex Info: ... file 'numeric.bbx' found.

(c:/texlive/2018/texmf-dist/tex/latex/biblatex/bbx/numeric.bbx
File: numeric.bbx 2018/03/04 v3.11 biblatex bibliography style (PK/MW)
Package biblatex Info: Trying to load bibliography style 'standard'...
Package biblatex Info: ... file 'standard.bbx' found.

(c:/texlive/2018/texmf-dist/tex/latex/biblatex/bbx/standard.bbx
File: standard.bbx 2018/03/04 v3.11 biblatex bibliography style (PK/MW)
\c@bbx:relatedcount=\count275
\c@bbx:relatedtotal=\count276
))))
Package biblatex Info: Trying to load citation style 'ieee'...
Package biblatex Info: ... file 'ieee.cbx' found.

(c:/texlive/2018/texmf-dist/tex/latex/biblatex-ieee/ieee.cbx
File: ieee.cbx 2017/03/27 v1.2d biblatex citation style
Package biblatex Info: Trying to load citation style 'numeric-comp'...
Package biblatex Info: ... file 'numeric-comp.cbx' found.

(c:/texlive/2018/texmf-dist/tex/latex/biblatex/cbx/numeric-comp.cbx
File: numeric-comp.cbx 2018/03/04 v3.11 biblatex citation style (PK/MW)
\c@cbx@tempcnta=\count277
\c@cbx@tempcntb=\count278
Package biblatex Info: Redefining '\cite'.
Package biblatex Info: Redefining '\parencite'.
Package biblatex Info: Redefining '\footcite'.
Package biblatex Info: Redefining '\footcitetext'.
Package biblatex Info: Redefining '\smartcite'.
Package biblatex Info: Redefining '\supercite'.
Package biblatex Info: Redefining '\textcite'.
Package biblatex Info: Redefining '\textcites'.
Package biblatex Info: Redefining '\cites'.
Package biblatex Info: Redefining '\parencites'.
Package biblatex Info: Redefining '\smartcites'.
)
Package biblatex Info: Redefining '\cite'.
Package biblatex Info: Redefining '\cites'.
)
Package biblatex Info: Trying to load configuration file...
Package biblatex Info: ... file 'biblatex.cfg' found.

(c:/texlive/2018/texmf-dist/tex/latex/biblatex/biblatex.cfg
File: biblatex.cfg 
))
(c:/texlive/2018/texmf-dist/tex/latex/graphics/graphicx.sty
Package: graphicx 2017/06/01 v1.1a Enhanced LaTeX Graphics (DPC,SPQR)

(c:/texlive/2018/texmf-dist/tex/latex/graphics/graphics.sty
Package: graphics 2017/06/25 v1.2c Standard LaTeX Graphics (DPC,SPQR)

(c:/texlive/2018/texmf-dist/tex/latex/graphics/trig.sty
Package: trig 2016/01/03 v1.10 sin cos tan (DPC)
)
(c:/texlive/2018/texmf-dist/tex/latex/graphics-cfg/graphics.cfg
File: graphics.cfg 2016/06/04 v1.11 sample graphics configuration
)
Package graphics Info: Driver file: pdftex.def on input line 99.

(c:/texlive/2018/texmf-dist/tex/latex/graphics-def/pdftex.def
File: pdftex.def 2018/01/08 v1.0l Graphics/color driver for pdftex
))
\Gin@req@height=\dimen103
\Gin@req@width=\dimen104
)
(c:/texlive/2018/texmf-dist/tex/latex/titlesec/titlesec.sty
Package: titlesec 2016/03/21 v2.10.2 Sectioning titles
\ttl@box=\box26
\beforetitleunit=\skip65
\aftertitleunit=\skip66
\ttl@plus=\dimen105
\ttl@minus=\dimen106
\ttl@toksa=\toks17
\titlewidth=\dimen107
\titlewidthlast=\dimen108
\titlewidthfirst=\dimen109
)
(c:/texlive/2018/texmf-dist/tex/latex/geometry/geometry.sty
Package: geometry 2018/04/16 v5.8 Page Geometry

(c:/texlive/2018/texmf-dist/tex/generic/oberdiek/ifvtex.sty
Package: ifvtex 2016/05/16 v1.6 Detect VTeX and its facilities (HO)
Package ifvtex Info: VTeX not detected.
)
(c:/texlive/2018/texmf-dist/tex/generic/ifxetex/ifxetex.sty
Package: ifxetex 2010/09/12 v0.6 Provides ifxetex conditional
)
\Gm@cnth=\count279
\Gm@cntv=\count280
\c@Gm@tempcnt=\count281
\Gm@bindingoffset=\dimen110
\Gm@wd@mp=\dimen111
\Gm@odd@mp=\dimen112
\Gm@even@mp=\dimen113
\Gm@layoutwidth=\dimen114
\Gm@layoutheight=\dimen115
\Gm@layouthoffset=\dimen116
\Gm@layoutvoffset=\dimen117
\Gm@dimlist=\toks18
)
(c:/texlive/2018/texmf-dist/tex/latex/fancyhdr/fancyhdr.sty
Package: fancyhdr 2017/06/30 v3.9a Extensive control of page headers and footer
s
\f@nch@headwidth=\skip67
\f@nch@O@elh=\skip68
\f@nch@O@erh=\skip69
\f@nch@O@olh=\skip70
\f@nch@O@orh=\skip71
\f@nch@O@elf=\skip72
\f@nch@O@erf=\skip73
\f@nch@O@olf=\skip74
\f@nch@O@orf=\skip75
)
(c:/texlive/2018/texmf-dist/tex/latex/amsmath/amsmath.sty
Package: amsmath 2017/09/02 v2.17a AMS math features
\@mathmargin=\skip76

For additional information on amsmath, use the `?' option.
(c:/texlive/2018/texmf-dist/tex/latex/amsmath/amstext.sty
Package: amstext 2000/06/29 v2.01 AMS text

(c:/texlive/2018/texmf-dist/tex/latex/amsmath/amsgen.sty
File: amsgen.sty 1999/11/30 v2.0 generic functions
\@emptytoks=\toks19
\ex@=\dimen118
))
(c:/texlive/2018/texmf-dist/tex/latex/amsmath/amsbsy.sty
Package: amsbsy 1999/11/29 v1.2d Bold Symbols
\pmbraise@=\dimen119
)
(c:/texlive/2018/texmf-dist/tex/latex/amsmath/amsopn.sty
Package: amsopn 2016/03/08 v2.02 operator names
)
\inf@bad=\count282
LaTeX Info: Redefining \frac on input line 213.
\uproot@=\count283
\leftroot@=\count284
LaTeX Info: Redefining \overline on input line 375.
\classnum@=\count285
\DOTSCASE@=\count286
LaTeX Info: Redefining \ldots on input line 472.
LaTeX Info: Redefining \dots on input line 475.
LaTeX Info: Redefining \cdots on input line 596.
\Mathstrutbox@=\box27
\strutbox@=\box28
\big@size=\dimen120
LaTeX Font Info:    Redeclaring font encoding OML on input line 712.
LaTeX Font Info:    Redeclaring font encoding OMS on input line 713.
\macc@depth=\count287
\c@MaxMatrixCols=\count288
\dotsspace@=\muskip11
\c@parentequation=\count289
\dspbrk@lvl=\count290
\tag@help=\toks20
\row@=\count291
\column@=\count292
\maxfields@=\count293
\andhelp@=\toks21
\eqnshift@=\dimen121
\alignsep@=\dimen122
\tagshift@=\dimen123
\tagwidth@=\dimen124
\totwidth@=\dimen125
\lineht@=\dimen126
\@envbody=\toks22
\multlinegap=\skip77
\multlinetaggap=\skip78
\mathdisplay@stack=\toks23
LaTeX Info: Redefining \[ on input line 2817.
LaTeX Info: Redefining \] on input line 2818.
)
(c:/texlive/2018/texmf-dist/tex/latex/tools/bm.sty
Package: bm 2017/01/16 v1.2c Bold Symbol Support (DPC/FMi)
\symboldoperators=\mathgroup4
\symboldletters=\mathgroup5
\symboldsymbols=\mathgroup6
LaTeX Font Info:    Redeclaring math alphabet \mathbf on input line 141.
LaTeX Info: Redefining \bm on input line 207.
)
(c:/texlive/2018/texmf-dist/tex/latex/xpatch/xpatch.sty
(c:/texlive/2018/texmf-dist/tex/latex/l3kernel/expl3.sty
Package: expl3 2018-06-14 L3 programming layer (loader) 

(c:/texlive/2018/texmf-dist/tex/latex/l3kernel/expl3-code.tex
Package: expl3 2018-06-14 L3 programming layer (code)
\c_max_int=\count294
\l_tmpa_int=\count295
\l_tmpb_int=\count296
\g_tmpa_int=\count297
\g_tmpb_int=\count298
\g__kernel_prg_map_int=\count299
\c_log_iow=\count300
\l_iow_line_count_int=\count301
\l__iow_line_target_int=\count302
\l__iow_one_indent_int=\count303
\l__iow_indent_int=\count304
\c_zero_dim=\dimen127
\c_max_dim=\dimen128
\l_tmpa_dim=\dimen129
\l_tmpb_dim=\dimen130
\g_tmpa_dim=\dimen131
\g_tmpb_dim=\dimen132
\c_zero_skip=\skip79
\c_max_skip=\skip80
\l_tmpa_skip=\skip81
\l_tmpb_skip=\skip82
\g_tmpa_skip=\skip83
\g_tmpb_skip=\skip84
\c_zero_muskip=\muskip12
\c_max_muskip=\muskip13
\l_tmpa_muskip=\muskip14
\l_tmpb_muskip=\muskip15
\g_tmpa_muskip=\muskip16
\g_tmpb_muskip=\muskip17
\l_keys_choice_int=\count305
\l__intarray_loop_int=\count306
\c__intarray_sp_dim=\dimen133
\g__intarray_font_int=\count307
\c__fp_leading_shift_int=\count308
\c__fp_middle_shift_int=\count309
\c__fp_trailing_shift_int=\count310
\c__fp_big_leading_shift_int=\count311
\c__fp_big_middle_shift_int=\count312
\c__fp_big_trailing_shift_int=\count313
\c__fp_Bigg_leading_shift_int=\count314
\c__fp_Bigg_middle_shift_int=\count315
\c__fp_Bigg_trailing_shift_int=\count316
\c__kernel_randint_max_int=\count317
\g__fp_array_int=\count318
\l__fp_array_loop_int=\count319
\l__sort_length_int=\count320
\l__sort_min_int=\count321
\l__sort_top_int=\count322
\l__sort_max_int=\count323
\l__sort_true_max_int=\count324
\l__sort_block_int=\count325
\l__sort_begin_int=\count326
\l__sort_end_int=\count327
\l__sort_A_int=\count328
\l__sort_B_int=\count329
\l__sort_C_int=\count330
\l__tl_analysis_normal_int=\count331
\l__tl_analysis_index_int=\count332
\l__tl_analysis_nesting_int=\count333
\l__tl_analysis_type_int=\count334
\l__regex_internal_a_int=\count335
\l__regex_internal_b_int=\count336
\l__regex_internal_c_int=\count337
\l__regex_balance_int=\count338
\l__regex_group_level_int=\count339
\l__regex_mode_int=\count340
\c__regex_cs_in_class_mode_int=\count341
\c__regex_cs_mode_int=\count342
\l__regex_catcodes_int=\count343
\l__regex_default_catcodes_int=\count344
\c__regex_catcode_D_int=\count345
\c__regex_catcode_S_int=\count346
\c__regex_catcode_L_int=\count347
\c__regex_catcode_O_int=\count348
\c__regex_catcode_A_int=\count349
\c__regex_all_catcodes_int=\count350
\l__regex_show_lines_int=\count351
\l__regex_min_state_int=\count352
\l__regex_max_state_int=\count353
\l__regex_left_state_int=\count354
\l__regex_right_state_int=\count355
\l__regex_capturing_group_int=\count356
\l__regex_min_pos_int=\count357
\l__regex_max_pos_int=\count358
\l__regex_curr_pos_int=\count359
\l__regex_start_pos_int=\count360
\l__regex_success_pos_int=\count361
\l__regex_curr_char_int=\count362
\l__regex_curr_catcode_int=\count363
\l__regex_last_char_int=\count364
\l__regex_case_changed_char_int=\count365
\l__regex_curr_state_int=\count366
\l__regex_step_int=\count367
\l__regex_min_active_int=\count368
\l__regex_max_active_int=\count369
\l__regex_replacement_csnames_int=\count370
\l__regex_match_count_int=\count371
\l__regex_min_submatch_int=\count372
\l__regex_submatch_int=\count373
\l__regex_zeroth_submatch_int=\count374
\g__regex_trace_regex_int=\count375
\c_empty_box=\box29
\l_tmpa_box=\box30
\l_tmpb_box=\box31
\g_tmpa_box=\box32
\g_tmpb_box=\box33
\l__box_top_dim=\dimen134
\l__box_bottom_dim=\dimen135
\l__box_left_dim=\dimen136
\l__box_right_dim=\dimen137
\l__box_top_new_dim=\dimen138
\l__box_bottom_new_dim=\dimen139
\l__box_left_new_dim=\dimen140
\l__box_right_new_dim=\dimen141
\l__box_internal_box=\box34
\l__coffin_internal_box=\box35
\l__coffin_internal_dim=\dimen142
\l__coffin_offset_x_dim=\dimen143
\l__coffin_offset_y_dim=\dimen144
\l__coffin_x_dim=\dimen145
\l__coffin_y_dim=\dimen146
\l__coffin_x_prime_dim=\dimen147
\l__coffin_y_prime_dim=\dimen148
\c_empty_coffin=\box36
\l__coffin_aligned_coffin=\box37
\l__coffin_aligned_internal_coffin=\box38
\l_tmpa_coffin=\box39
\l_tmpb_coffin=\box40
\l__coffin_display_coffin=\box41
\l__coffin_display_coord_coffin=\box42
\l__coffin_display_pole_coffin=\box43
\l__coffin_display_offset_dim=\dimen149
\l__coffin_display_x_dim=\dimen150
\l__coffin_display_y_dim=\dimen151
\g__file_internal_ior=\read3
\l__coffin_bounding_shift_dim=\dimen152
\l__coffin_left_corner_dim=\dimen153
\l__coffin_right_corner_dim=\dimen154
\l__coffin_bottom_corner_dim=\dimen155
\l__coffin_top_corner_dim=\dimen156
\l__coffin_scaled_total_height_dim=\dimen157
\l__coffin_scaled_width_dim=\dimen158
\l__seq_internal_a_int=\count376
\l__seq_internal_b_int=\count377
)
(c:/texlive/2018/texmf-dist/tex/latex/l3kernel/l3pdfmode.def
File: l3pdfmode.def 2018-06-14 v L3 Experimental driver: PDF mode
\l__driver_color_stack_int=\count378
))
Package: xpatch 2012/10/02 v0.3 Extending etoolbox patching commands

(c:/texlive/2018/texmf-dist/tex/latex/l3packages/xparse/xparse.sty
Package: xparse 2018-05-12 L3 Experimental document command parser
\l__xparse_current_arg_int=\count379
\g__xparse_grabber_int=\count380
\l__xparse_m_args_int=\count381
\l__xparse_mandatory_args_int=\count382
\l__xparse_v_nesting_int=\count383
)
.................................................
. LaTeX info: "xparse/define-command"
. 
. Defining command \xpatchcmd with sig. '' on line 125.
.................................................
.................................................
. LaTeX info: "xparse/define-command"
. 
. Defining command \xpretocmd with sig. '' on line 126.
.................................................
.................................................
. LaTeX info: "xparse/define-command"
. 
. Defining command \xapptocmd with sig. '' on line 127.
.................................................
.................................................
. LaTeX info: "xparse/define-command"
. 
. Defining command \xshowcmd with sig. '' on line 128.
.................................................
.................................................
. LaTeX info: "xparse/define-command"
. 
. Defining command \xpatchbibmacro with sig. 'm' on line 131.
.................................................
.................................................
. LaTeX info: "xparse/define-command"
. 
. Defining command \xpretobibmacro with sig. 'm' on line 133.
.................................................
.................................................
. LaTeX info: "xparse/define-command"
. 
. Defining command \xapptobibmacro with sig. 'm' on line 135.
.................................................
.................................................
. LaTeX info: "xparse/define-command"
. 
. Defining command \xshowbibmacro with sig. 'm' on line 137.
.................................................
.................................................
. LaTeX info: "xparse/define-command"
. 
. Defining command \xpatchfieldformat with sig. 'O{*}m' on line 139.
.................................................
.................................................
. LaTeX info: "xparse/define-command"
. 
. Defining command \xpretofieldformat with sig. 'O{*}m' on line 141.
.................................................
.................................................
. LaTeX info: "xparse/define-command"
. 
. Defining command \xapptofieldformat with sig. 'O{*}m' on line 143.
.................................................
.................................................
. LaTeX info: "xparse/define-command"
. 
. Defining command \xshowfieldformat with sig. 'O{*}m' on line 145.
.................................................
.................................................
. LaTeX info: "xparse/define-command"
. 
. Defining command \xpatchnameformat with sig. 'O{*}m' on line 147.
.................................................
.................................................
. LaTeX info: "xparse/define-command"
. 
. Defining command \xpretonameformat with sig. 'O{*}m' on line 149.
.................................................
.................................................
. LaTeX info: "xparse/define-command"
. 
. Defining command \xapptonameformat with sig. 'O{*}m' on line 151.
.................................................
.................................................
. LaTeX info: "xparse/define-command"
. 
. Defining command \xshownameformat with sig. 'O{*}m' on line 153.
.................................................
.................................................
. LaTeX info: "xparse/define-command"
. 
. Defining command \xpatchlistformat with sig. 'O{*}m' on line 155.
.................................................
.................................................
. LaTeX info: "xparse/define-command"
. 
. Defining command \xpretolistformat with sig. 'O{*}m' on line 157.
.................................................
.................................................
. LaTeX info: "xparse/define-command"
. 
. Defining command \xapptolistformat with sig. 'O{*}m' on line 159.
.................................................
.................................................
. LaTeX info: "xparse/define-command"
. 
. Defining command \xshowlistformat with sig. 'O{*}m' on line 161.
.................................................
.................................................
. LaTeX info: "xparse/define-command"
. 
. Defining command \xpatchindexfieldformat with sig. 'O{*}m' on line 163.
.................................................
.................................................
. LaTeX info: "xparse/define-command"
. 
. Defining command \xpretoindexfieldformat with sig. 'O{*}m' on line 165.
.................................................
.................................................
. LaTeX info: "xparse/define-command"
. 
. Defining command \xapptoindexfieldformat with sig. 'O{*}m' on line 167.
.................................................
.................................................
. LaTeX info: "xparse/define-command"
. 
. Defining command \xshowindexfieldformat with sig. 'O{*}m' on line 169.
.................................................
.................................................
. LaTeX info: "xparse/define-command"
. 
. Defining command \xpatchindexnameformat with sig. 'O{*}m' on line 171.
.................................................
.................................................
. LaTeX info: "xparse/define-command"
. 
. Defining command \xpretoindexnameformat with sig. 'O{*}m' on line 173.
.................................................
.................................................
. LaTeX info: "xparse/define-command"
. 
. Defining command \xapptoindexnameformat with sig. 'O{*}m' on line 175.
.................................................
.................................................
. LaTeX info: "xparse/define-command"
. 
. Defining command \xshowindexnameformat with sig. 'O{*}m' on line 177.
.................................................
.................................................
. LaTeX info: "xparse/define-command"
. 
. Defining command \xpatchindexlistformat with sig. 'O{*}m' on line 179.
.................................................
.................................................
. LaTeX info: "xparse/define-command"
. 
. Defining command \xpretoindexlistformat with sig. 'O{*}m' on line 181.
.................................................
.................................................
. LaTeX info: "xparse/define-command"
. 
. Defining command \xappindextolistformat with sig. 'O{*}m' on line 183.
.................................................
.................................................
. LaTeX info: "xparse/define-command"
. 
. Defining command \xshowindexlistformat with sig. 'O{*}m' on line 185.
.................................................
.................................................
. LaTeX info: "xparse/define-command"
. 
. Defining command \xpatchbibdriver with sig. 'm' on line 187.
.................................................
.................................................
. LaTeX info: "xparse/define-command"
. 
. Defining command \xpretobibdriver with sig. 'm' on line 189.
.................................................
.................................................
. LaTeX info: "xparse/define-command"
. 
. Defining command \xapptobibdriver with sig. 'm' on line 191.
.................................................
.................................................
. LaTeX info: "xparse/define-command"
. 
. Defining command \xshowbibdriver with sig. 'm' on line 193.
.................................................
)
(c:/texlive/2018/texmf-dist/tex/latex/booktabs/booktabs.sty
Package: booktabs 2016/04/27 v1.618033 publication quality tables
\heavyrulewidth=\dimen159
\lightrulewidth=\dimen160
\cmidrulewidth=\dimen161
\belowrulesep=\dimen162
\belowbottomsep=\dimen163
\aboverulesep=\dimen164
\abovetopsep=\dimen165
\cmidrulesep=\dimen166
\cmidrulekern=\dimen167
\defaultaddspace=\dimen168
\@cmidla=\count384
\@cmidlb=\count385
\@aboverulesep=\dimen169
\@belowrulesep=\dimen170
\@thisruleclass=\count386
\@lastruleclass=\count387
\@thisrulewidth=\dimen171
)
(c:/texlive/2018/texmf-dist/tex/latex/caption/subcaption.sty
Package: subcaption 2018/05/01 v1.1-162 Sub-captions (AR)

(c:/texlive/2018/texmf-dist/tex/latex/caption/caption.sty
Package: caption 2018/05/01 v3.3-147 Customizing captions (AR)

(c:/texlive/2018/texmf-dist/tex/latex/caption/caption3.sty
Package: caption3 2018/05/27 v1.8a caption3 kernel (AR)
Package caption3 Info: TeX engine: e-TeX on input line 64.
\captionmargin=\dimen172
\captionmargin@=\dimen173
\captionwidth=\dimen174
\caption@tempdima=\dimen175
\caption@indent=\dimen176
\caption@parindent=\dimen177
\caption@hangindent=\dimen178
)
\c@ContinuedFloat=\count388
)
\c@subfigure=\count389
\c@subtable=\count390
)
(c:/texlive/2018/texmf-dist/tex/latex/glossaries-extra/glossaries-extra.sty
Package: glossaries-extra 2018/05/24 v1.32 (NLCT)

(c:/texlive/2018/texmf-dist/tex/latex/xkeyval/xkeyval.sty
Package: xkeyval 2014/12/03 v2.7a package option processing (HA)

(c:/texlive/2018/texmf-dist/tex/generic/xkeyval/xkeyval.tex
(c:/texlive/2018/texmf-dist/tex/generic/xkeyval/xkvutils.tex
\XKV@toks=\toks24
\XKV@tempa@toks=\toks25
)
\XKV@depth=\count391
File: xkeyval.tex 2014/12/03 v2.7a key=value parser (HA)
))
(c:/texlive/2018/texmf-dist/tex/latex/glossaries/base/glossaries.sty
Package: glossaries 2018/06/01 v4.40 (NLCT)

(c:/texlive/2018/texmf-dist/tex/latex/mfirstuc/mfirstuc.sty
Package: mfirstuc 2017/11/14 v2.06 (NLCT)
\@glsmfirst=\toks26
\@glsmrest=\toks27
)
(c:/texlive/2018/texmf-dist/tex/latex/textcase/textcase.sty
Package: textcase 2004/10/07 v0.07 Text only upper/lower case changing (DPC)
)
(c:/texlive/2018/texmf-dist/tex/latex/xfor/xfor.sty
Package: xfor 2009/02/05 v1.05 (NLCT)
)
(c:/texlive/2018/texmf-dist/tex/latex/datatool/datatool-base.sty
Package: datatool-base 2018/04/16 v2.30 (NLCT)

(c:/texlive/2018/texmf-dist/tex/latex/substr/substr.sty
Package: substr 2009/10/20 v1.2 Handle substrings
\c@su@anzahl=\count392
)
(c:/texlive/2018/texmf-dist/tex/latex/datatool/datatool-fp.sty
Package: datatool-fp 2018/04/16 v2.30 (NLCT)

(c:/texlive/2018/texmf-dist/tex/latex/fp/fp.sty
Package: fp 1995/04/02

`Fixed Point Package', Version 0.8, April 2, 1995 (C) Michael Mehlich
(c:/texlive/2018/texmf-dist/tex/latex/fp/defpattern.sty
Package: defpattern 1994/10/12
\actioncount=\count393
)
(c:/texlive/2018/texmf-dist/tex/latex/fp/fp-basic.sty
Package: fp-basic 1996/05/13
\FP@xs=\count394
\FP@xia=\count395
\FP@xib=\count396
\FP@xfa=\count397
\FP@xfb=\count398
\FP@rega=\count399
\FP@regb=\count400
\FP@regs=\count401
\FP@times=\count402
)
(c:/texlive/2018/texmf-dist/tex/latex/fp/fp-addons.sty
Package: fp-addons 1995/03/15
)
(c:/texlive/2018/texmf-dist/tex/latex/fp/fp-snap.sty
Package: fp-snap 1995/04/05
)
(c:/texlive/2018/texmf-dist/tex/latex/fp/fp-exp.sty
Package: fp-exp 1995/04/03
)
(c:/texlive/2018/texmf-dist/tex/latex/fp/fp-trigo.sty
Package: fp-trigo 1995/04/14
)
(c:/texlive/2018/texmf-dist/tex/latex/fp/fp-pas.sty
Package: fp-pas 1994/08/29
)
(c:/texlive/2018/texmf-dist/tex/latex/fp/fp-random.sty
Package: fp-random 1995/02/23
\FPseed=\count403
)
(c:/texlive/2018/texmf-dist/tex/latex/fp/fp-eqn.sty
Package: fp-eqn 1995/04/03
)
(c:/texlive/2018/texmf-dist/tex/latex/fp/fp-upn.sty
Package: fp-upn 1996/10/21
)
(c:/texlive/2018/texmf-dist/tex/latex/fp/fp-eval.sty
Package: fp-eval 1995/04/03
)))
\@dtl@toks=\toks28
\@dtl@tmpcount=\count404
\dtl@tmplength=\skip85
\dtl@sortresult=\count405
\@dtl@numgrpsepcount=\count406
\@dtl@datatype=\count407
\dtl@codeA=\count408
\dtl@codeB=\count409
\@dtl@foreach@level=\count410
)
(c:/texlive/2018/texmf-dist/tex/latex/glossaries/base/glossaries-compatible-307
.sty
Package: glossaries-compatible-307 2018/06/01 v4.40 (NLCT)
)
\gls@level=\count411
\@gls@tmpb=\toks29
\gls@tmplen=\skip86
\glskeylisttok=\toks30
\glslabeltok=\toks31
\glsshorttok=\toks32
\glslongtok=\toks33

(c:/texlive/2018/texmf-dist/tex/latex/glossaries/styles/glossary-hypernav.sty
Package: glossary-hypernav 2018/06/01 v4.40 (NLCT)
)
(c:/texlive/2018/texmf-dist/tex/latex/glossaries/styles/glossary-list.sty
Package: glossary-list 2018/06/01 v4.40 (NLCT)
\glslistdottedwidth=\skip87
)
(c:/texlive/2018/texmf-dist/tex/latex/glossaries/styles/glossary-long.sty
Package: glossary-long 2018/06/01 v4.40 (NLCT)

(c:/texlive/2018/texmf-dist/tex/latex/tools/longtable.sty
Package: longtable 2014/10/28 v4.11 Multi-page Table package (DPC)
\LTleft=\skip88
\LTright=\skip89
\LTpre=\skip90
\LTpost=\skip91
\LTchunksize=\count412
\LTcapwidth=\dimen179
\LT@head=\box44
\LT@firsthead=\box45
\LT@foot=\box46
\LT@lastfoot=\box47
\LT@cols=\count413
\LT@rows=\count414
\c@LT@tables=\count415
\c@LT@chunks=\count416
\LT@p@ftn=\toks34
)
\glsdescwidth=\skip92
\glspagelistwidth=\skip93
)
(c:/texlive/2018/texmf-dist/tex/latex/glossaries/styles/glossary-super.sty
Package: glossary-super 2018/06/01 v4.40 (NLCT)

(c:/texlive/2018/texmf-dist/tex/latex/supertabular/supertabular.sty
Package: supertabular 2004/02/20 v4.1e the supertabular environment
\c@tracingst=\count417
\ST@wd=\dimen180
\ST@rightskip=\skip94
\ST@leftskip=\skip95
\ST@parfillskip=\skip96
\ST@pageleft=\dimen181
\ST@headht=\dimen182
\ST@tailht=\dimen183
\ST@pagesofar=\dimen184
\ST@pboxht=\dimen185
\ST@lineht=\dimen186
\ST@stretchht=\dimen187
\ST@prevht=\dimen188
\ST@toadd=\dimen189
\ST@dimen=\dimen190
\ST@pbox=\box48
))
(c:/texlive/2018/texmf-dist/tex/latex/glossaries/styles/glossary-tree.sty
Package: glossary-tree 2018/06/01 v4.40 (NLCT)
\glstreeindent=\skip97
))
\glsxtrresourcecount=\count418
\@glsxtrnewgls@inner=\count419
\glsshortpltok=\toks35
\glslongpltok=\toks36
)
(c:/texlive/2018/texmf-dist/tex/latex/listings/listings.sty
\lst@mode=\count420
\lst@gtempboxa=\box49
\lst@token=\toks37
\lst@length=\count421
\lst@currlwidth=\dimen191
\lst@column=\count422
\lst@pos=\count423
\lst@lostspace=\dimen192
\lst@width=\dimen193
\lst@newlines=\count424
\lst@lineno=\count425
\lst@maxwidth=\dimen194

(c:/texlive/2018/texmf-dist/tex/latex/listings/lstmisc.sty
File: lstmisc.sty 2015/06/04 1.6 (Carsten Heinz)
\c@lstnumber=\count426
\lst@skipnumbers=\count427
\lst@framebox=\box50
)
(c:/texlive/2018/texmf-dist/tex/latex/listings/listings.cfg
File: listings.cfg 2015/06/04 1.6 listings configuration
))
Package: listings 2015/06/04 1.6 (Carsten Heinz)

(c:/texlive/2018/texmf-dist/tex/latex/base/textcomp.sty
Package: textcomp 2017/04/05 v2.0i Standard LaTeX package
Package textcomp Info: Sub-encoding information:
(textcomp)               5 = only ISO-Adobe without \textcurrency
(textcomp)               4 = 5 + \texteuro
(textcomp)               3 = 4 + \textohm
(textcomp)               2 = 3 + \textestimated + \textcurrency
(textcomp)               1 = TS1 - \textcircled - \t
(textcomp)               0 = TS1 (full)
(textcomp)             Font families with sub-encoding setting implement
(textcomp)             only a restricted character set as indicated.
(textcomp)             Family '?' is the default used for unknown fonts.
(textcomp)             See the documentation for details.
Package textcomp Info: Setting ? sub-encoding to TS1/1 on input line 79.

(c:/texlive/2018/texmf-dist/tex/latex/base/ts1enc.def
File: ts1enc.def 2001/06/05 v3.0e (jk/car/fm) Standard LaTeX file
Now handling font encoding TS1 ...
... processing UTF-8 mapping file for font encoding TS1

(c:/texlive/2018/texmf-dist/tex/latex/base/ts1enc.dfu
File: ts1enc.dfu 2018/04/05 v1.2c UTF-8 support for inputenc
   defining Unicode char U+00A2 (decimal 162)
   defining Unicode char U+00A3 (decimal 163)
   defining Unicode char U+00A4 (decimal 164)
   defining Unicode char U+00A5 (decimal 165)
   defining Unicode char U+00A6 (decimal 166)
   defining Unicode char U+00A7 (decimal 167)
   defining Unicode char U+00A8 (decimal 168)
   defining Unicode char U+00A9 (decimal 169)
   defining Unicode char U+00AA (decimal 170)
   defining Unicode char U+00AC (decimal 172)
   defining Unicode char U+00AE (decimal 174)
   defining Unicode char U+00AF (decimal 175)
   defining Unicode char U+00B0 (decimal 176)
   defining Unicode char U+00B1 (decimal 177)
   defining Unicode char U+00B2 (decimal 178)
   defining Unicode char U+00B3 (decimal 179)
   defining Unicode char U+00B4 (decimal 180)
   defining Unicode char U+00B5 (decimal 181)
   defining Unicode char U+00B6 (decimal 182)
   defining Unicode char U+00B7 (decimal 183)
   defining Unicode char U+00B9 (decimal 185)
   defining Unicode char U+00BA (decimal 186)
   defining Unicode char U+00BC (decimal 188)
   defining Unicode char U+00BD (decimal 189)
   defining Unicode char U+00BE (decimal 190)
   defining Unicode char U+00D7 (decimal 215)
   defining Unicode char U+00F7 (decimal 247)
   defining Unicode char U+0192 (decimal 402)
   defining Unicode char U+02C7 (decimal 711)
   defining Unicode char U+02D8 (decimal 728)
   defining Unicode char U+02DD (decimal 733)
   defining Unicode char U+0E3F (decimal 3647)
   defining Unicode char U+2016 (decimal 8214)
   defining Unicode char U+2020 (decimal 8224)
   defining Unicode char U+2021 (decimal 8225)
   defining Unicode char U+2022 (decimal 8226)
   defining Unicode char U+2030 (decimal 8240)
   defining Unicode char U+2031 (decimal 8241)
   defining Unicode char U+203B (decimal 8251)
   defining Unicode char U+203D (decimal 8253)
   defining Unicode char U+2044 (decimal 8260)
   defining Unicode char U+204E (decimal 8270)
   defining Unicode char U+2052 (decimal 8274)
   defining Unicode char U+20A1 (decimal 8353)
   defining Unicode char U+20A4 (decimal 8356)
   defining Unicode char U+20A6 (decimal 8358)
   defining Unicode char U+20A9 (decimal 8361)
   defining Unicode char U+20AB (decimal 8363)
   defining Unicode char U+20AC (decimal 8364)
   defining Unicode char U+20B1 (decimal 8369)
   defining Unicode char U+2103 (decimal 8451)
   defining Unicode char U+2116 (decimal 8470)
   defining Unicode char U+2117 (decimal 8471)
   defining Unicode char U+211E (decimal 8478)
   defining Unicode char U+2120 (decimal 8480)
   defining Unicode char U+2122 (decimal 8482)
   defining Unicode char U+2126 (decimal 8486)
   defining Unicode char U+2127 (decimal 8487)
   defining Unicode char U+212E (decimal 8494)
   defining Unicode char U+2190 (decimal 8592)
   defining Unicode char U+2191 (decimal 8593)
   defining Unicode char U+2192 (decimal 8594)
   defining Unicode char U+2193 (decimal 8595)
   defining Unicode char U+2329 (decimal 9001)
   defining Unicode char U+232A (decimal 9002)
   defining Unicode char U+2422 (decimal 9250)
   defining Unicode char U+25E6 (decimal 9702)
   defining Unicode char U+25EF (decimal 9711)
   defining Unicode char U+266A (decimal 9834)
   defining Unicode char U+FEFF (decimal 65279)
))
LaTeX Info: Redefining \oldstylenums on input line 334.
Package textcomp Info: Setting cmr sub-encoding to TS1/0 on input line 349.
Package textcomp Info: Setting cmss sub-encoding to TS1/0 on input line 350.
Package textcomp Info: Setting cmtt sub-encoding to TS1/0 on input line 351.
Package textcomp Info: Setting cmvtt sub-encoding to TS1/0 on input line 352.
Package textcomp Info: Setting cmbr sub-encoding to TS1/0 on input line 353.
Package textcomp Info: Setting cmtl sub-encoding to TS1/0 on input line 354.
Package textcomp Info: Setting ccr sub-encoding to TS1/0 on input line 355.
Package textcomp Info: Setting ptm sub-encoding to TS1/4 on input line 356.
Package textcomp Info: Setting pcr sub-encoding to TS1/4 on input line 357.
Package textcomp Info: Setting phv sub-encoding to TS1/4 on input line 358.
Package textcomp Info: Setting ppl sub-encoding to TS1/3 on input line 359.
Package textcomp Info: Setting pag sub-encoding to TS1/4 on input line 360.
Package textcomp Info: Setting pbk sub-encoding to TS1/4 on input line 361.
Package textcomp Info: Setting pnc sub-encoding to TS1/4 on input line 362.
Package textcomp Info: Setting pzc sub-encoding to TS1/4 on input line 363.
Package textcomp Info: Setting bch sub-encoding to TS1/4 on input line 364.
Package textcomp Info: Setting put sub-encoding to TS1/5 on input line 365.
Package textcomp Info: Setting uag sub-encoding to TS1/5 on input line 366.
Package textcomp Info: Setting ugq sub-encoding to TS1/5 on input line 367.
Package textcomp Info: Setting ul8 sub-encoding to TS1/4 on input line 368.
Package textcomp Info: Setting ul9 sub-encoding to TS1/4 on input line 369.
Package textcomp Info: Setting augie sub-encoding to TS1/5 on input line 370.
Package textcomp Info: Setting dayrom sub-encoding to TS1/3 on input line 371.
Package textcomp Info: Setting dayroms sub-encoding to TS1/3 on input line 372.

Package textcomp Info: Setting pxr sub-encoding to TS1/0 on input line 373.
Package textcomp Info: Setting pxss sub-encoding to TS1/0 on input line 374.
Package textcomp Info: Setting pxtt sub-encoding to TS1/0 on input line 375.
Package textcomp Info: Setting txr sub-encoding to TS1/0 on input line 376.
Package textcomp Info: Setting txss sub-encoding to TS1/0 on input line 377.
Package textcomp Info: Setting txtt sub-encoding to TS1/0 on input line 378.
Package textcomp Info: Setting lmr sub-encoding to TS1/0 on input line 379.
Package textcomp Info: Setting lmdh sub-encoding to TS1/0 on input line 380.
Package textcomp Info: Setting lmss sub-encoding to TS1/0 on input line 381.
Package textcomp Info: Setting lmssq sub-encoding to TS1/0 on input line 382.
Package textcomp Info: Setting lmvtt sub-encoding to TS1/0 on input line 383.
Package textcomp Info: Setting lmtt sub-encoding to TS1/0 on input line 384.
Package textcomp Info: Setting qhv sub-encoding to TS1/0 on input line 385.
Package textcomp Info: Setting qag sub-encoding to TS1/0 on input line 386.
Package textcomp Info: Setting qbk sub-encoding to TS1/0 on input line 387.
Package textcomp Info: Setting qcr sub-encoding to TS1/0 on input line 388.
Package textcomp Info: Setting qcs sub-encoding to TS1/0 on input line 389.
Package textcomp Info: Setting qpl sub-encoding to TS1/0 on input line 390.
Package textcomp Info: Setting qtm sub-encoding to TS1/0 on input line 391.
Package textcomp Info: Setting qzc sub-encoding to TS1/0 on input line 392.
Package textcomp Info: Setting qhvc sub-encoding to TS1/0 on input line 393.
Package textcomp Info: Setting futs sub-encoding to TS1/4 on input line 394.
Package textcomp Info: Setting futx sub-encoding to TS1/4 on input line 395.
Package textcomp Info: Setting futj sub-encoding to TS1/4 on input line 396.
Package textcomp Info: Setting hlh sub-encoding to TS1/3 on input line 397.
Package textcomp Info: Setting hls sub-encoding to TS1/3 on input line 398.
Package textcomp Info: Setting hlst sub-encoding to TS1/3 on input line 399.
Package textcomp Info: Setting hlct sub-encoding to TS1/5 on input line 400.
Package textcomp Info: Setting hlx sub-encoding to TS1/5 on input line 401.
Package textcomp Info: Setting hlce sub-encoding to TS1/5 on input line 402.
Package textcomp Info: Setting hlcn sub-encoding to TS1/5 on input line 403.
Package textcomp Info: Setting hlcw sub-encoding to TS1/5 on input line 404.
Package textcomp Info: Setting hlcf sub-encoding to TS1/5 on input line 405.
Package textcomp Info: Setting pplx sub-encoding to TS1/3 on input line 406.
Package textcomp Info: Setting pplj sub-encoding to TS1/3 on input line 407.
Package textcomp Info: Setting ptmx sub-encoding to TS1/4 on input line 408.
Package textcomp Info: Setting ptmj sub-encoding to TS1/4 on input line 409.
)
(../INP-00-glossary.tex))
Package biblatex Info: Trying to load language 'english'...
Package biblatex Info: ... file 'english.lbx' found.

(c:/texlive/2018/texmf-dist/tex/latex/biblatex/lbx/english.lbx
File: english.lbx 2018/03/04 v3.11 biblatex localization (PK/MW)
)
\@quotelevel=\count428
\@quotereset=\count429
 (./thesis.aux)
\openout1 = `thesis.aux'.

LaTeX Font Info:    Checking defaults for OML/cmm/m/it on input line 5.
LaTeX Font Info:    ... okay on input line 5.
LaTeX Font Info:    Checking defaults for T1/cmr/m/n on input line 5.
LaTeX Font Info:    ... okay on input line 5.
LaTeX Font Info:    Checking defaults for OT1/cmr/m/n on input line 5.
LaTeX Font Info:    ... okay on input line 5.
LaTeX Font Info:    Checking defaults for OMS/cmsy/m/n on input line 5.
LaTeX Font Info:    ... okay on input line 5.
LaTeX Font Info:    Checking defaults for OMX/cmex/m/n on input line 5.
LaTeX Font Info:    ... okay on input line 5.
LaTeX Font Info:    Checking defaults for U/cmr/m/n on input line 5.
LaTeX Font Info:    ... okay on input line 5.
LaTeX Font Info:    Checking defaults for TS1/cmr/m/n on input line 5.
LaTeX Font Info:    Try loading font information for TS1+cmr on input line 5.

(c:/texlive/2018/texmf-dist/tex/latex/base/ts1cmr.fd
File: ts1cmr.fd 2014/09/29 v2.5h Standard LaTeX font definitions
)
LaTeX Font Info:    ... okay on input line 5.
Package biblatex Info: Input encoding 'utf8' detected.
Package biblatex Info: Automatic encoding selection.
(biblatex)             Assuming data encoding 'utf8'.
\openout4 = `thesis.bcf'.

Package biblatex Info: Trying to load bibliographic data...
Package biblatex Info: ... file 'thesis.bbl' found.
 (./thesis.bbl)
Package biblatex Info: Reference section=0 on input line 5.
Package biblatex Info: Reference segment=0 on input line 5.

(c:/texlive/2018/texmf-dist/tex/context/base/mkii/supp-pdf.mkii
[Loading MPS to PDF converter (version 2006.09.02).]
\scratchcounter=\count430
\scratchdimen=\dimen195
\scratchbox=\box51
\nofMPsegments=\count431
\nofMParguments=\count432
\everyMPshowfont=\toks38
\MPscratchCnt=\count433
\MPscratchDim=\dimen196
\MPnumerator=\count434
\makeMPintoPDFobject=\count435
\everyMPtoPDFconversion=\toks39
) (c:/texlive/2018/texmf-dist/tex/latex/oberdiek/epstopdf-base.sty
Package: epstopdf-base 2016/05/15 v2.6 Base part for package epstopdf

(c:/texlive/2018/texmf-dist/tex/latex/oberdiek/grfext.sty
Package: grfext 2016/05/16 v1.2 Manage graphics extensions (HO)

(c:/texlive/2018/texmf-dist/tex/generic/oberdiek/kvdefinekeys.sty
Package: kvdefinekeys 2016/05/16 v1.4 Define keys (HO)
))
Package epstopdf-base Info: Redefining graphics rule for `.eps' on input line 4
38.
Package grfext Info: Graphics extension search list:
(grfext)             [.pdf,.png,.jpg,.mps,.jpeg,.jbig2,.jb2,.PDF,.PNG,.JPG,.JPE
G,.JBIG2,.JB2,.eps]
(grfext)             \AppendGraphicsExtensions on input line 456.

(c:/texlive/2018/texmf-dist/tex/latex/latexconfig/epstopdf-sys.cfg
File: epstopdf-sys.cfg 2010/07/13 v1.3 Configuration of (r)epstopdf for TeX Liv
e
))
*geometry* driver: auto-detecting
*geometry* detected driver: pdftex
*geometry* verbose mode - [ preamble ] result:
* driver: pdftex
* paper: a4paper
* layout: <same size as paper>
* layoutoffset:(h,v)=(0.0pt,0.0pt)
* modes: 
* h-part:(L,W,R)=(89.62709pt, 418.25368pt, 89.6271pt)
* v-part:(T,H,B)=(101.40665pt, 591.5302pt, 152.11pt)
* \paperwidth=597.50787pt
* \paperheight=845.04684pt
* \textwidth=418.25368pt
* \textheight=591.5302pt
* \oddsidemargin=17.3571pt
* \evensidemargin=17.3571pt
* \topmargin=-0.93083pt
* \headheight=12.0pt
* \headsep=18.06749pt
* \topskip=10.0pt
* \footskip=25.29494pt
* \marginparwidth=69.0pt
* \marginparsep=7.0pt
* \columnsep=10.0pt
* \skip\footins=9.0pt plus 4.0pt minus 2.0pt
* \hoffset=0.0pt
* \voffset=0.0pt
* \mag=1000
* \@twocolumnfalse
* \@twosidefalse
* \@mparswitchfalse
* \@reversemarginfalse
* (1in=72.27pt=25.4mm, 1cm=28.453pt)

Package caption Info: Begin \AtBeginDocument code.
Package caption Info: listings package is loaded.
Package caption Info: longtable package is loaded.
(c:/texlive/2018/texmf-dist/tex/latex/caption/ltcaption.sty
Package: ltcaption 2013/06/09 v1.4-94 longtable captions (AR)
)
Package caption Info: supertabular package is loaded.
Package caption Info: End \AtBeginDocument code.
\c@lstlisting=\count436

(../cover/cover.tex
<../figs/cover/University_of_Surrey_coat_of_arms.pdf, id=1, 128.48pt x 162.6075
pt>
File: ../figs/cover/University_of_Surrey_coat_of_arms.pdf Graphic file (type pd
f)
<use ../figs/cover/University_of_Surrey_coat_of_arms.pdf>
Package pdftex.def Info: ../figs/cover/University_of_Surrey_coat_of_arms.pdf  u
sed on input line 20.
(pdftex.def)             Requested size: 125.47737pt x 158.81088pt.
 [1


{c:/texlive/2018/texmf-var/fonts/map/pdftex/updmap/pdftex.map} <../figs/cover/U
niversity_of_Surrey_coat_of_arms.pdf>])
(../front-matter/front-matter.tex [1



] [2

] [3

]
\blx@maxsegment@1=\count437
\blx@sectionciteorder@1=\count438
Package biblatex Info: Reference section=1 on input line 33.
Package biblatex Info: Setting label 'refsection:1' on input line 33.
Package biblatex Info: Reference section=0 on input line 37.
\blx@maxsegment@2=\count439
\blx@sectionciteorder@2=\count440
Package biblatex Info: Reference section=2 on input line 38.
Package biblatex Info: Setting label 'refsection:2' on input line 38.
 [4

]
Package biblatex Info: Reference section=0 on input line 42.
 [5] [6

] (./thesis.toc
[7

])
\tf@toc=\write5
\openout5 = `thesis.toc'.

 [8] (./thesis.lof
Overfull \hbox (19.69044pt too wide) in paragraph at lines 65--65
 [][] []\OT1/cmr/m/n/10 Results of the phase ref-er-ence char-ac-ter-i-sa-tion 
per-formed at NIST for unit MY51256113 
 []

[9

])
\tf@lof=\write6
\openout6 = `thesis.lof'.

 [10] (./thesis.lot)
\tf@lot=\write7
\openout7 = `thesis.lot'.

 [11

] [12

]) [13]
(../ch1-introduction/ch1-introduction.tex
Chapter 1.
<../figs/ch1-intro/ch1_ericsson.png, id=293, 983.17313pt x 579.66562pt>
File: ../figs/ch1-intro/ch1_ericsson.png Graphic file (type png)
<use ../figs/ch1-intro/ch1_ericsson.png>
Package pdftex.def Info: ../figs/ch1-intro/ch1_ericsson.png  used on input line
 14.
(pdftex.def)             Requested size: 418.25368pt x 246.59785pt.
[1


] [2 <../figs/ch1-intro/ch1_ericsson.png>]
<../figs/ch1-intro/ch1_rfpa.jpg, id=303, 963.6pt x 662.475pt>
File: ../figs/ch1-intro/ch1_rfpa.jpg Graphic file (type jpg)
<use ../figs/ch1-intro/ch1_rfpa.jpg>
Package pdftex.def Info: ../figs/ch1-intro/ch1_rfpa.jpg  used on input line 29.

(pdftex.def)             Requested size: 250.95476pt x 172.52248pt.
 [3 <../figs/ch1-intro/ch1_rfpa.jpg>] [4]

LaTeX Warning: No positions in optional float specifier.
               Default added (so using `tbp') on input line 50.

[5] [6]) (../ch2-rfmwmeas/ch2-rfmwmeas.tex [7]
Chapter 2.
[8

]

Package Fancyhdr Warning: \headheight is too small (12.0pt): 
 Make it at least 22.54448pt.
 We now make it that large for the rest of the document.
 This may cause the page layout to be inconsistent, however.

[9] [10]
<../figs/ch2-rfmwmeas/ch2_filter.png, id=336, 597.6729pt x 421.3341pt>
File: ../figs/ch2-rfmwmeas/ch2_filter.png Graphic file (type png)
<use ../figs/ch2-rfmwmeas/ch2_filter.png>
Package pdftex.def Info: ../figs/ch2-rfmwmeas/ch2_filter.png  used on input lin
e 72.
(pdftex.def)             Requested size: 334.60422pt x 235.88762pt.
<../figs/ch2-rfmwmeas/ch2_s2p.png, id=337, 581.92406pt x 94.85437pt>
File: ../figs/ch2-rfmwmeas/ch2_s2p.png Graphic file (type png)
<use ../figs/ch2-rfmwmeas/ch2_s2p.png>
Package pdftex.def Info: ../figs/ch2-rfmwmeas/ch2_s2p.png  used on input line 7
9.
(pdftex.def)             Requested size: 418.25368pt x 68.17639pt.
 [11 <../figs/ch2-rfmwmeas/ch2_filter.png>] [12 <../figs/ch2-rfmwmeas/ch2_s2p.P
NG>]
<../figs/ch2-rfmwmeas/ch2_compression.pdf, id=347, 242.42021pt x 188.8363pt>
File: ../figs/ch2-rfmwmeas/ch2_compression.pdf Graphic file (type pdf)
<use ../figs/ch2-rfmwmeas/ch2_compression.pdf>
Package pdftex.def Info: ../figs/ch2-rfmwmeas/ch2_compression.pdf  used on inpu
t line 137.
(pdftex.def)             Requested size: 209.12683pt x 162.90894pt.
 [13]
<../figs/ch2-rfmwmeas/im3.png, id=351, 3227.05624pt x 1500.60625pt>
File: ../figs/ch2-rfmwmeas/im3.png Graphic file (type png)
<use ../figs/ch2-rfmwmeas/im3.png>
Package pdftex.def Info: ../figs/ch2-rfmwmeas/im3.png  used on input line 155.
(pdftex.def)             Requested size: 418.25368pt x 194.49033pt.
 [14 <../figs/ch2-rfmwmeas/ch2_compression.pdf>] [15 <../figs/ch2-rfmwmeas/im3.
png (PNG copy)>]
<../figs/ch2-rfmwmeas/ch2_reflect.pdf, id=366, 468.75125pt x 149.55875pt>
File: ../figs/ch2-rfmwmeas/ch2_reflect.pdf Graphic file (type pdf)
<use ../figs/ch2-rfmwmeas/ch2_reflect.pdf>
Package pdftex.def Info: ../figs/ch2-rfmwmeas/ch2_reflect.pdf  used on input li
ne 174.
(pdftex.def)             Requested size: 334.60422pt x 106.75797pt.
 [16 <../figs/ch2-rfmwmeas/ch2_reflect.pdf>]
<../figs/ch2-rfmwmeas/ch2_vna.png, id=371, 205.2468pt x 125.7498pt>
File: ../figs/ch2-rfmwmeas/ch2_vna.png Graphic file (type png)
<use ../figs/ch2-rfmwmeas/ch2_vna.png>
Package pdftex.def Info: ../figs/ch2-rfmwmeas/ch2_vna.png  used on input line 1
85.
(pdftex.def)             Requested size: 250.95476pt x 153.76181pt.

[17]
<../figs/ch2-rfmwmeas/ch2_oneport.pdf, id=376, 754.82pt x 211.79124pt>
File: ../figs/ch2-rfmwmeas/ch2_oneport.pdf Graphic file (type pdf)
<use ../figs/ch2-rfmwmeas/ch2_oneport.pdf>
Package pdftex.def Info: ../figs/ch2-rfmwmeas/ch2_oneport.pdf  used on input li
ne 200.
(pdftex.def)             Requested size: 418.25368pt x 117.35486pt.
 [18 <../figs/ch2-rfmwmeas/ch2_vna.png>] [19 <../figs/ch2-rfmwmeas/ch2_oneport.
pdf>]
<../figs/ch2-rfmwmeas/ch2_twoport.pdf, id=385, 768.8725pt x 221.82875pt>
File: ../figs/ch2-rfmwmeas/ch2_twoport.pdf Graphic file (type pdf)
<use ../figs/ch2-rfmwmeas/ch2_twoport.pdf>
Package pdftex.def Info: ../figs/ch2-rfmwmeas/ch2_twoport.pdf  used on input li
ne 225.
(pdftex.def)             Requested size: 418.25368pt x 120.67255pt.
 [20 <../figs/ch2-rfmwmeas/ch2_twoport.pdf>] [21] [22] [23] [24]
<../figs/ch2-rfmwmeas/ch2_powercal.pdf, id=406, 753.81625pt x 211.79124pt>
File: ../figs/ch2-rfmwmeas/ch2_powercal.pdf Graphic file (type pdf)
<use ../figs/ch2-rfmwmeas/ch2_powercal.pdf>
Package pdftex.def Info: ../figs/ch2-rfmwmeas/ch2_powercal.pdf  used on input l
ine 456.
(pdftex.def)             Requested size: 418.25368pt x 117.50998pt.

[25 <../figs/ch2-rfmwmeas/ch2_powercal.pdf>]
<../figs/ch2-rfmwmeas/ch2_phasecal.pdf, id=411, 753.81625pt x 211.79124pt>
File: ../figs/ch2-rfmwmeas/ch2_phasecal.pdf Graphic file (type pdf)
<use ../figs/ch2-rfmwmeas/ch2_phasecal.pdf>
Package pdftex.def Info: ../figs/ch2-rfmwmeas/ch2_phasecal.pdf  used on input l
ine 475.
(pdftex.def)             Requested size: 418.25368pt x 117.50998pt.
 [26 <../figs/ch2-rfmwmeas/ch2_phasecal.pdf>]) (../ch3-measunc/ch3-measunc.tex 
[27]
Chapter 3.
[28

]
<../figs/ch3-measunc/cubit.jpg, id=422, 781.92125pt x 173.64874pt>
File: ../figs/ch3-measunc/cubit.jpg Graphic file (type jpg)
<use ../figs/ch3-measunc/cubit.jpg>
Package pdftex.def Info: ../figs/ch3-measunc/cubit.jpg  used on input line 21.
(pdftex.def)             Requested size: 418.25368pt x 92.88658pt.
<../figs/ch3-measunc/traceability.png, id=423, 254.3904pt x 160.9212pt>
File: ../figs/ch3-measunc/traceability.png Graphic file (type png)
<use ../figs/ch3-measunc/traceability.png>
Package pdftex.def Info: ../figs/ch3-measunc/traceability.png  used on input li
ne 30.
(pdftex.def)             Requested size: 254.38977pt x 160.9208pt.
 [29 <../figs/ch3-measunc/cubit.jpg>] [30 <../figs/ch3-measunc/traceability.png
>] [31] [32] [33] [34] [35]
<../figs/ch3-measunc/model.png, id=449, 1095.3422pt x 372.64218pt>
File: ../figs/ch3-measunc/model.png Graphic file (type png)
<use ../figs/ch3-measunc/model.png>
Package pdftex.def Info: ../figs/ch3-measunc/model.png  used on input line 117.

(pdftex.def)             Requested size: 271.86234pt x 92.48935pt.
 [36 <../figs/ch3-measunc/model.PNG>]
<../figs/ch3-measunc/scaling_factor.pdf, id=454, 597.23125pt x 420.57124pt>
File: ../figs/ch3-measunc/scaling_factor.pdf Graphic file (type pdf)
<use ../figs/ch3-measunc/scaling_factor.pdf>
Package pdftex.def Info: ../figs/ch3-measunc/scaling_factor.pdf  used on input 
line 142.
(pdftex.def)             Requested size: 271.86234pt x 191.44363pt.
 [37]
[38 <../figs/ch3-measunc/scaling_factor.pdf>]

LaTeX Warning: No positions in optional float specifier.
               Default added (so using `tbp') on input line 175.


LaTeX Warning: No positions in optional float specifier.
               Default added (so using `tbp') on input line 195.

[39] [40]

LaTeX Warning: No positions in optional float specifier.
               Default added (so using `tbp') on input line 210.


Underfull \hbox (badness 10000) in paragraph at lines 212--212
[]\OT1/cmr/m/n/10 Required min-i-mum num-ber
 []

[41]
<../figs/ch3-measunc/gum_sparams.pdf, id=479, 844.15375pt x 597.23125pt>
File: ../figs/ch3-measunc/gum_sparams.pdf Graphic file (type pdf)
<use ../figs/ch3-measunc/gum_sparams.pdf>
Package pdftex.def Info: ../figs/ch3-measunc/gum_sparams.pdf  used on input lin
e 228.
(pdftex.def)             Requested size: 334.60422pt x 236.72849pt.
 [42 <../figs/ch3-measunc/gum_sparams.pdf>] [43] [44]
<../figs/ch3-measunc/distributions.png, id=496, 1024.57782pt x 594.72188pt>
File: ../figs/ch3-measunc/distributions.png Graphic file (type png)
<use ../figs/ch3-measunc/distributions.png>
Package pdftex.def Info: ../figs/ch3-measunc/distributions.png  used on input l
ine 269.
(pdftex.def)             Requested size: 271.86234pt x 157.80019pt.
 [45 <../figs/ch3-measunc/distributions.png>] [46] [47] [48]
<../figs/ch3-measunc/sensitivity.png, id=511, 484.05844pt x 406.51875pt>
File: ../figs/ch3-measunc/sensitivity.png Graphic file (type png)
<use ../figs/ch3-measunc/sensitivity.png>
Package pdftex.def Info: ../figs/ch3-measunc/sensitivity.png  used on input lin
e 359.
(pdftex.def)             Requested size: 334.60422pt x 281.01927pt.
 [49 <../figs/ch3-measunc/sensitivity.png>]) (../ch4-vnaunc/ch4-vnaunc.tex [50]

Chapter 4.
[51

]
<../figs/ch4-vnaunc/vna-model.pdf, id=522, 874.26625pt x 474.77374pt>
File: ../figs/ch4-vnaunc/vna-model.pdf Graphic file (type pdf)
<use ../figs/ch4-vnaunc/vna-model.pdf>
Package pdftex.def Info: ../figs/ch4-vnaunc/vna-model.pdf  used on input line 2
4.
(pdftex.def)             Requested size: 418.25368pt x 227.13538pt.
 [52] [53 <../figs/ch4-vnaunc/vna-model.pdf>] [54] [55] [56] [57] [58]
[59]
<../figs/ch4-vnaunc/Ripple1.png, id=550, 170.5572pt x 145.5036pt>
File: ../figs/ch4-vnaunc/Ripple1.png Graphic file (type png)
<use ../figs/ch4-vnaunc/Ripple1.png>
Package pdftex.def Info: ../figs/ch4-vnaunc/Ripple1.png  used on input line 142
.
(pdftex.def)             Requested size: 133.84424pt x 114.18948pt.
<../figs/ch4-vnaunc/Ripple2.png, id=551, 429.7656pt x 164.5347pt>
File: ../figs/ch4-vnaunc/Ripple2.png Graphic file (type png)
<use ../figs/ch4-vnaunc/Ripple2.png>
Package pdftex.def Info: ../figs/ch4-vnaunc/Ripple2.png  used on input line 148
.
(pdftex.def)             Requested size: 313.69025pt x 120.09926pt.
<../figs/ch4-vnaunc/Ripple3.png, id=552, 382.7901pt x 144.54pt>
File: ../figs/ch4-vnaunc/Ripple3.png Graphic file (type png)
<use ../figs/ch4-vnaunc/Ripple3.png>
Package pdftex.def Info: ../figs/ch4-vnaunc/Ripple3.png  used on input line 154
.
(pdftex.def)             Requested size: 313.69025pt x 118.44856pt.
 [60] [61 <../figs/ch4-vnaunc/Ripple1.PNG> <../figs/ch4-vnaunc/Ripple2.PNG> <..
/figs/ch4-vnaunc/Ripple3.PNG>]
<../figs/ch4-vnaunc/dir-a.png, id=565, 145.0218pt x 145.7445pt>
File: ../figs/ch4-vnaunc/dir-a.png Graphic file (type png)
<use ../figs/ch4-vnaunc/dir-a.png>
Package pdftex.def Info: ../figs/ch4-vnaunc/dir-a.png  used on input line 174.
(pdftex.def)             Requested size: 169.39043pt x 170.24016pt.
<../figs/ch4-vnaunc/dir-b.png, id=566, 146.2263pt x 145.9854pt>
File: ../figs/ch4-vnaunc/dir-b.png Graphic file (type png)
<use ../figs/ch4-vnaunc/dir-b.png>
Package pdftex.def Info: ../figs/ch4-vnaunc/dir-b.png  used on input line 179.
(pdftex.def)             Requested size: 169.39043pt x 169.11818pt.
<../figs/ch4-vnaunc/dir-c.png, id=567, 238.2501pt x 158.5122pt>
File: ../figs/ch4-vnaunc/dir-c.png Graphic file (type png)
<use ../figs/ch4-vnaunc/dir-c.png>
Package pdftex.def Info: ../figs/ch4-vnaunc/dir-c.png  used on input line 185.
(pdftex.def)             Requested size: 250.95476pt x 166.97482pt.
 [62] [63 <../figs/ch4-vnaunc/dir-a.PNG> <../figs/ch4-vnaunc/dir-b.PNG> <../fig
s/ch4-vnaunc/dir-c.PNG>]
<../figs/ch4-vnaunc/tpm-a.png, id=577, 144.2991pt x 144.2991pt>
File: ../figs/ch4-vnaunc/tpm-a.png Graphic file (type png)
<use ../figs/ch4-vnaunc/tpm-a.png>
Package pdftex.def Info: ../figs/ch4-vnaunc/tpm-a.png  used on input line 206.
(pdftex.def)             Requested size: 139.27568pt x 139.27637pt.

Underfull \hbox (badness 3803) in paragraph at lines 207--207
[]\OT1/cmr/m/n/9 (a) |Smith chart rep-re-sen-ta-tion of
 []

<../figs/ch4-vnaunc/tpm-b.png, id=578, 238.9728pt x 159.4758pt>
File: ../figs/ch4-vnaunc/tpm-b.png Graphic file (type png)
<use ../figs/ch4-vnaunc/tpm-b.png>
Package pdftex.def Info: ../figs/ch4-vnaunc/tpm-b.png  used on input line 211.
(pdftex.def)             Requested size: 225.85774pt x 150.72488pt.
[64 <../figs/ch4-vnaunc/tpm-a.PNG> <../figs/ch4-vnaunc/tpm-b.PNG>]
<../figs/ch4-vnaunc/coax.png, id=584, 145.7445pt x 84.5559pt>
File: ../figs/ch4-vnaunc/coax.png Graphic file (type png)
<use ../figs/ch4-vnaunc/coax.png>
Package pdftex.def Info: ../figs/ch4-vnaunc/coax.png  used on input line 230.
(pdftex.def)             Requested size: 271.86234pt x 157.75224pt.


LaTeX Warning: No positions in optional float specifier.
               Default added (so using `tbp') on input line 235.


LaTeX Warning: No positions in optional float specifier.
               Default added (so using `tbp') on input line 250.

[65] [66 <../figs/ch4-vnaunc/coax.png>]

LaTeX Warning: No positions in optional float specifier.
               Default added (so using `tbp') on input line 268.

[67]
<../figs/ch4-vnaunc/setup.jpg, id=596, 653.44125pt x 413.29407pt>
File: ../figs/ch4-vnaunc/setup.jpg Graphic file (type jpg)
<use ../figs/ch4-vnaunc/setup.jpg>
Package pdftex.def Info: ../figs/ch4-vnaunc/setup.jpg  used on input line 292.
(pdftex.def)             Requested size: 271.86234pt x 171.94897pt.


LaTeX Warning: No positions in optional float specifier.
               Default added (so using `tbp') on input line 297.

<../figs/ch4-vnaunc/wm380.png, id=597, 228.3732pt x 153.4533pt>
File: ../figs/ch4-vnaunc/wm380.png Graphic file (type png)
<use ../figs/ch4-vnaunc/wm380.png>
Package pdftex.def Info: ../figs/ch4-vnaunc/wm380.png  used on input line 310.
(pdftex.def)             Requested size: 271.86234pt x 182.69829pt.
[68 <../figs/ch4-vnaunc/setup.jpg>] [69 <../figs/ch4-vnaunc/WM380.png>]
[70] [71] [72] [73] [74] [75] [76]
<../figs/ch4-vnaunc/comb.png, id=627, 1010.27437pt x 331.2375pt>
File: ../figs/ch4-vnaunc/comb.png Graphic file (type png)
<use ../figs/ch4-vnaunc/comb.png>
Package pdftex.def Info: ../figs/ch4-vnaunc/comb.png  used on input line 388.
(pdftex.def)             Requested size: 418.25368pt x 137.13246pt.
<../figs/ch4-vnaunc/combuncA.png, id=628, 190.311pt x 168.1482pt>
File: ../figs/ch4-vnaunc/combuncA.png Graphic file (type png)
<use ../figs/ch4-vnaunc/combuncA.png>
Package pdftex.def Info: ../figs/ch4-vnaunc/combuncA.png  used on input line 39
7.
(pdftex.def)             Requested size: 259.31523pt x 229.15059pt.
<../figs/ch4-vnaunc/combuncP.png, id=629, 190.0701pt x 168.1482pt>
File: ../figs/ch4-vnaunc/combuncP.png Graphic file (type png)
<use ../figs/ch4-vnaunc/combuncP.png>
Package pdftex.def Info: ../figs/ch4-vnaunc/combuncP.png  used on input line 40
3.
(pdftex.def)             Requested size: 259.31523pt x 229.41486pt.
 [77 <../figs/ch4-vnaunc/comb.png>] [78 <../figs/ch4-vnaunc/combuncA.png> <../f
igs/ch4-vnaunc/combuncP.png>]
<../figs/ch4-vnaunc/pmchart.png, id=641, 223.0734pt x 105.2733pt>
File: ../figs/ch4-vnaunc/pmchart.png Graphic file (type png)
<use ../figs/ch4-vnaunc/pmchart.png>
Package pdftex.def Info: ../figs/ch4-vnaunc/pmchart.png  used on input line 418
.
(pdftex.def)             Requested size: 292.77629pt x 138.17247pt.
<../figs/ch4-vnaunc/pmsens.png, id=642, 211.5102pt x 189.1065pt>
File: ../figs/ch4-vnaunc/pmsens.png Graphic file (type png)
<use ../figs/ch4-vnaunc/pmsens.png>
Package pdftex.def Info: ../figs/ch4-vnaunc/pmsens.png  used on input line 435.

(pdftex.def)             Requested size: 418.25368pt x 373.96745pt.
 [79 <../figs/ch4-vnaunc/pmchart.png>] [80 <../figs/ch4-vnaunc/pmsens.png>]
<../figs/ch4-vnaunc/linmodel.png, id=651, 246.9225pt x 286.671pt>
File: ../figs/ch4-vnaunc/linmodel.png Graphic file (type png)
<use ../figs/ch4-vnaunc/linmodel.png>
Package pdftex.def Info: ../figs/ch4-vnaunc/linmodel.png  used on input line 45
0.
(pdftex.def)             Requested size: 334.60422pt x 388.4895pt.
<../figs/ch4-vnaunc/muflsna.png, id=652, 174.6525pt x 129.8451pt>
File: ../figs/ch4-vnaunc/muflsna.png Graphic file (type png)
<use ../figs/ch4-vnaunc/muflsna.png>
Package pdftex.def Info: ../figs/ch4-vnaunc/muflsna.png  used on input line 463
.
(pdftex.def)             Requested size: 418.25368pt x 310.99657pt.
 [81] [82 <../figs/ch4-vnaunc/linmodel.png>] [83 <../figs/ch4-vnaunc/muflsna.pn
g>])
(../ch5-nlbmunc/ch5-nlbmunc.tex [84]
Chapter 5.

Overfull \hbox (11.7462pt too wide) in paragraph at lines 10--10
|[]\OT1/cmr/bx/n/20.74 Propagating Mea-sure-ment Un-cer-tainty
 []

[85

]
<../figs/ch5-nlbmunc/dut.png, id=671, 1887.05pt x 702.625pt>
File: ../figs/ch5-nlbmunc/dut.png Graphic file (type png)
<use ../figs/ch5-nlbmunc/dut.png>
Package pdftex.def Info: ../figs/ch5-nlbmunc/dut.png  used on input line 34.
(pdftex.def)             Requested size: 271.86234pt x 101.21866pt.
 [86 <../figs/ch5-nlbmunc/dut.png (PNG copy)>] [87]
<../figs/ch5-nlbmunc/hots22_recoloured.png, id=678, 991.45406pt x 501.37312pt>
File: ../figs/ch5-nlbmunc/hots22_recoloured.png Graphic file (type png)
<use ../figs/ch5-nlbmunc/hots22_recoloured.png>
Package pdftex.def Info: ../figs/ch5-nlbmunc/hots22_recoloured.png  used on inp
ut line 115.
(pdftex.def)             Requested size: 418.25368pt x 211.5086pt.
<../figs/ch5-nlbmunc/superposition.png, id=679, 940.26282pt x 464.4853pt>
File: ../figs/ch5-nlbmunc/superposition.png Graphic file (type png)
<use ../figs/ch5-nlbmunc/superposition.png>
Package pdftex.def Info: ../figs/ch5-nlbmunc/superposition.png  used on input l
ine 126.
(pdftex.def)             Requested size: 271.86234pt x 134.2933pt.
 [88] [89 <../figs/ch5-nlbmunc/hots22_recoloured.PNG> <../figs/ch5-nlbmunc/supe
rposition.png>]
Overfull \hbox (10.55261pt too wide) in paragraph at lines 152--153
[]\OT1/cmr/m/n/10 Two in-for-ma-tive com-par-isons be-tween the per-for-mance o
f scat-ter-ing func-tions and X-parameters
 []

[90]
<../figs/ch5-nlbmunc/phasedep.png, id=693, 709.14937pt x 529.22719pt>
File: ../figs/ch5-nlbmunc/phasedep.png Graphic file (type png)
<use ../figs/ch5-nlbmunc/phasedep.png>
Package pdftex.def Info: ../figs/ch5-nlbmunc/phasedep.png  used on input line 1
66.
(pdftex.def)             Requested size: 271.86234pt x 202.89307pt.
 [91] [92 <../figs/ch5-nlbmunc/phasedep.png>]
<../figs/ch5-nlbmunc/nvna.png, id=701, 2539.4875pt x 1560.83125pt>
File: ../figs/ch5-nlbmunc/nvna.png Graphic file (type png)
<use ../figs/ch5-nlbmunc/nvna.png>
Package pdftex.def Info: ../figs/ch5-nlbmunc/nvna.png  used on input line 185.
(pdftex.def)             Requested size: 334.60422pt x 205.65407pt.
 [93 <../figs/ch5-nlbmunc/nvna.png (PNG copy)>]
<../figs/ch5-nlbmunc/extract.png, id=705, 2584.65625pt x 1134.2375pt>
File: ../figs/ch5-nlbmunc/extract.png Graphic file (type png)
<use ../figs/ch5-nlbmunc/extract.png>
Package pdftex.def Info: ../figs/ch5-nlbmunc/extract.png  used on input line 20
3.
(pdftex.def)             Requested size: 418.25368pt x 183.54124pt.

Overfull \hbox (1.50032pt too wide) detected at line 217
\OML/cmm/b/it/10 A \OT1/cmr/m/n/10 = []
 []

[94 <../figs/ch5-nlbmunc/extract.png (PNG copy)>] [95] [96]
<../figs/ch5-nlbmunc/uncproc.png, id=716, 2484.28125pt x 2760.3125pt>
File: ../figs/ch5-nlbmunc/uncproc.png Graphic file (type png)
<use ../figs/ch5-nlbmunc/uncproc.png>
Package pdftex.def Info: ../figs/ch5-nlbmunc/uncproc.png  used on input line 26
8.
(pdftex.def)             Requested size: 376.42575pt x 418.2409pt.
 [97] [98 <../figs/ch5-nlbmunc/uncproc.png (PNG copy)>] [99]
<../figs/ch5-nlbmunc/setup.png, id=726, 685.8423pt x 350.5095pt>
File: ../figs/ch5-nlbmunc/setup.png Graphic file (type png)
<use ../figs/ch5-nlbmunc/setup.png>
Package pdftex.def Info: ../figs/ch5-nlbmunc/setup.png  used on input line 295.

(pdftex.def)             Requested size: 418.25368pt x 213.76234pt.
 [100 <../figs/ch5-nlbmunc/setup.png>]

LaTeX Warning: No positions in optional float specifier.
               Default added (so using `tbp') on input line 304.


LaTeX Warning: No positions in optional float specifier.
               Default added (so using `tbp') on input line 319.


LaTeX Warning: No positions in optional float specifier.
               Default added (so using `tbp') on input line 337.

[101]
<../figs/ch5-nlbmunc/hist.png, id=735, 157.0668pt x 138.7584pt>
File: ../figs/ch5-nlbmunc/hist.png Graphic file (type png)
<use ../figs/ch5-nlbmunc/hist.png>
Package pdftex.def Info: ../figs/ch5-nlbmunc/hist.png  used on input line 360.
(pdftex.def)             Requested size: 334.60422pt x 295.60826pt.
<../figs/ch5-nlbmunc/fig4a.png, id=736, 256.01648pt x 170.67764pt>
File: ../figs/ch5-nlbmunc/fig4a.png Graphic file (type png)
<use ../figs/ch5-nlbmunc/fig4a.png>
Package pdftex.def Info: ../figs/ch5-nlbmunc/fig4a.png  used on input line 368.

(pdftex.def)             Requested size: 188.21086pt x 142.26659pt.

Underfull \hbox (badness 10000) in paragraph at lines 368--370
[][]
 []

<../figs/ch5-nlbmunc/fig4b.png, id=737, 256.01648pt x 170.67764pt>
File: ../figs/ch5-nlbmunc/fig4b.png Graphic file (type png)
<use ../figs/ch5-nlbmunc/fig4b.png>
Package pdftex.def Info: ../figs/ch5-nlbmunc/fig4b.png  used on input line 372.

(pdftex.def)             Requested size: 188.21086pt x 142.26659pt.

Underfull \hbox (badness 10000) in paragraph at lines 372--374
[][]
 []

<../figs/ch5-nlbmunc/fig4c.png, id=738, 256.01648pt x 170.67764pt>
File: ../figs/ch5-nlbmunc/fig4c.png Graphic file (type png)
<use ../figs/ch5-nlbmunc/fig4c.png>
Package pdftex.def Info: ../figs/ch5-nlbmunc/fig4c.png  used on input line 376.

(pdftex.def)             Requested size: 188.21086pt x 142.26659pt.

Underfull \hbox (badness 10000) in paragraph at lines 376--378
[][]
 []

<../figs/ch5-nlbmunc/fig4d.png, id=739, 256.01648pt x 170.67764pt>
File: ../figs/ch5-nlbmunc/fig4d.png Graphic file (type png)
<use ../figs/ch5-nlbmunc/fig4d.png>
Package pdftex.def Info: ../figs/ch5-nlbmunc/fig4d.png  used on input line 380.

(pdftex.def)             Requested size: 188.21086pt x 142.26659pt.

Underfull \hbox (badness 10000) in paragraph at lines 380--382
[][]
 []


LaTeX Warning: Reference `fig:sensplots' on page 102 undefined on input line 38
9.

[102] [103 <../figs/ch5-nlbmunc/hist.png>] [104 <../figs/ch5-nlbmunc/fig4a.png>
 <../figs/ch5-nlbmunc/fig4b.png> <../figs/ch5-nlbmunc/fig4c.png> <../figs/ch5-n
lbmunc/fig4d.png>]
<../figs/ch5-nlbmunc/fig5a.png, id=754, 256.01648pt x 170.67764pt>
File: ../figs/ch5-nlbmunc/fig5a.png Graphic file (type png)
<use ../figs/ch5-nlbmunc/fig5a.png>
Package pdftex.def Info: ../figs/ch5-nlbmunc/fig5a.png  used on input line 400.

(pdftex.def)             Requested size: 188.21086pt x 142.26659pt.

Underfull \hbox (badness 10000) in paragraph at lines 400--402
[][]
 []

<../figs/ch5-nlbmunc/fig5b.png, id=755, 256.01648pt x 170.67764pt>
File: ../figs/ch5-nlbmunc/fig5b.png Graphic file (type png)
<use ../figs/ch5-nlbmunc/fig5b.png>
Package pdftex.def Info: ../figs/ch5-nlbmunc/fig5b.png  used on input line 404.

(pdftex.def)             Requested size: 188.21086pt x 142.26659pt.

Underfull \hbox (badness 10000) in paragraph at lines 404--406
[][]
 []

<../figs/ch5-nlbmunc/fig5c.png, id=756, 256.01648pt x 170.67764pt>
File: ../figs/ch5-nlbmunc/fig5c.png Graphic file (type png)
<use ../figs/ch5-nlbmunc/fig5c.png>
Package pdftex.def Info: ../figs/ch5-nlbmunc/fig5c.png  used on input line 408.

(pdftex.def)             Requested size: 188.21086pt x 142.26659pt.

Underfull \hbox (badness 10000) in paragraph at lines 408--410
[][]
 []

<../figs/ch5-nlbmunc/fig5d.png, id=757, 256.01648pt x 170.67764pt>
File: ../figs/ch5-nlbmunc/fig5d.png Graphic file (type png)
<use ../figs/ch5-nlbmunc/fig5d.png>
Package pdftex.def Info: ../figs/ch5-nlbmunc/fig5d.png  used on input line 412.

(pdftex.def)             Requested size: 188.21086pt x 142.26659pt.

Underfull \hbox (badness 10000) in paragraph at lines 412--414
[][]
 []

[105] [106 <../figs/ch5-nlbmunc/fig5a.png> <../figs/ch5-nlbmunc/fig5b.png> <../
figs/ch5-nlbmunc/fig5c.png> <../figs/ch5-nlbmunc/fig5d.png>]
<../figs/ch5-nlbmunc/fig6.pdf, id=768, 597.23125pt x 421.575pt>
File: ../figs/ch5-nlbmunc/fig6.pdf Graphic file (type pdf)
<use ../figs/ch5-nlbmunc/fig6.pdf>
Package pdftex.def Info: ../figs/ch5-nlbmunc/fig6.pdf  used on input line 428.
(pdftex.def)             Requested size: 334.60422pt x 236.18974pt.
<../figs/ch5-nlbmunc/fig7.pdf, id=769, 597.23125pt x 421.575pt>
File: ../figs/ch5-nlbmunc/fig7.pdf Graphic file (type pdf)
<use ../figs/ch5-nlbmunc/fig7.pdf>
Package pdftex.def Info: ../figs/ch5-nlbmunc/fig7.pdf  used on input line 435.
(pdftex.def)             Requested size: 334.60422pt x 236.18974pt.
 [107 <../figs/ch5-nlbmunc/fig6.pdf>] [108 <../figs/ch5-nlbmunc/fig7.pdf>])
(../ch6-conclusions/ch6-conclusions.tex
\blx@maxsegment@3=\count441
\blx@sectionciteorder@3=\count442
Package biblatex Info: Reference section=3 on input line 5.
Package biblatex Info: Setting label 'refsection:3' on input line 5.
 [109]
Chapter 6.
[110

] [111]
Package biblatex Info: Reference section=0 on input line 36.
) [112] [113

]
Overfull \hbox (6.3115pt too wide) in paragraph at lines 24--24
[]\OT1/cmr/m/n/10 A. Lewandowski, D. F. Williams, P. D. Hale, J. C. M. Wang, an
d A. Di-en-st-frey, ``Covariance-
 []


Overfull \hbox (11.11008pt too wide) in paragraph at lines 24--24
\OT1/cmr/m/n/10 Avail-able: $\OT1/cmtt/m/n/10 https : / / www . nist . gov / se
rvices -[] resources / software / wafer -[] calibration -[]
 []

[114] [115] [116] [117]

Package biblatex Warning: No driver for entry type 'standard'.
(biblatex)                Using fallback driver on input line 24.


Package biblatex Warning: No driver for entry type 'standard'.
(biblatex)                Using fallback driver on input line 24.

[118]
Overfull \hbox (12.30716pt too wide) in paragraph at lines 24--24
\OT1/cmr/m/n/10 [On-line]. Avail-able: $\OT1/cmtt/m/n/10 https : / / www . keys
ight . com / main / software . jspx ? ckey = 1000000418 :
 []


Overfull \hbox (14.72487pt too wide) in paragraph at lines 24--24
[]\OT1/cmr/m/n/10 A. Lewandowski, ``Multi-frequency ap-proach to vector-network
-analyzer scattering-parameter
 []

[119] [120] [121] [122]
Overfull \hbox (0.25726pt too wide) in paragraph at lines 24--24
\OT1/cmr/m/n/10 parameters,'' in \OT1/cmr/m/it/10 Int. Conf. Mi-crow. Mil-lime-
ter Wave Tech-nol. (ICMMT)\OT1/cmr/m/n/10 , Chengdu, China,
 []

[123] (../appendix-a/appendix-a.tex [124]
Overfull \hbox (9.37677pt too wide) in paragraph at lines 5--5
|\OT1/cmr/bx/n/20.74 Appendix A: X-Parameter Ex-trac-tor Code| 
 []

(c:/texlive/2018/texmf-dist/tex/latex/listings/lstlang1.sty
File: lstlang1.sty 2015/06/04 1.6 listings language file
)
(c:/texlive/2018/texmf-dist/tex/latex/listings/lstlang2.sty
File: lstlang2.sty 2015/06/04 1.6 listings language file
)
Overfull \hbox (7.75066pt too wide) in paragraph at lines 14--15
[][][][][][][][][][][][][][][][][][] 
 []

[125

]
Overfull \hbox (13.75072pt too wide) in paragraph at lines 34--35
[][][][][][][][][][][][][][][][][][][][][][] 
 []


Overfull \hbox (7.75066pt too wide) in paragraph at lines 35--36
[][][][][][][][][][][][][][][][][][][][][][][][][][][][][][][] 
 []

[126]
LaTeX Font Info:    Try loading font information for OMS+cmr on input line 67.
 (c:/texlive/2018/texmf-dist/tex/latex/base/omscmr.fd
File: omscmr.fd 2014/09/29 v2.5h Standard LaTeX font definitions
)
LaTeX Font Info:    Font shape `OMS/cmr/m/n' in size <10> not available
(Font)              Font shape `OMS/cmsy/m/n' tried instead on input line 67.
LaTeX Font Info:    Try loading font information for OML+cmr on input line 84.

(c:/texlive/2018/texmf-dist/tex/latex/base/omlcmr.fd
File: omlcmr.fd 2014/09/29 v2.5h Standard LaTeX font definitions
)
LaTeX Font Info:    Font shape `OML/cmr/m/n' in size <10> not available
(Font)              Font shape `OML/cmm/m/it' tried instead on input line 84.
 [127] [128]
Overfull \hbox (1.7506pt too wide) in paragraph at lines 136--137
[][][][][][][][][][][][][][][][][][][][][][] 
 []

[129] [130]
Overfull \hbox (7.75066pt too wide) in paragraph at lines 203--204
[][][][][][][][][][][][][][][][][][][][][][][][][][][] 
 []


Overfull \hbox (7.75066pt too wide) in paragraph at lines 205--206
[][][][][][][][][][][][][][][][][][][][][][][][][][][] 
 []

[131]
Overfull \hbox (7.75066pt too wide) in paragraph at lines 242--243
[][][][][][][][][][][][][][][][][][][][][][][][] 
 []


Overfull \hbox (1.7506pt too wide) in paragraph at lines 244--245
[][][][][][][][][][][][][][][][][][][][][][][][][] 
 []

[132]
Overfull \hbox (13.75072pt too wide) in paragraph at lines 258--259
[][][][][][][][][][][][][][][][][][][][][][][][][][][][][][][][] 
 []


Overfull \hbox (7.75066pt too wide) in paragraph at lines 270--271
[][][][][][][][][][][][][][][][][][][][][][][][][][][][][][] 
 []


Overfull \hbox (1.7506pt too wide) in paragraph at lines 281--282
[][][][][][][][][][][][][][][][][][][][][][][][] 
 []


Overfull \hbox (1.7506pt too wide) in paragraph at lines 286--287
[][][][][][][][][][][][][][][][][][][][][][][][] 
 []

[133]
Overfull \hbox (1.7506pt too wide) in paragraph at lines 292--293
[][][][][][][][][][][][][][][][][][][][][][][][] 
 []


Overfull \hbox (1.7506pt too wide) in paragraph at lines 297--298
[][][][][][][][][][][][][][][][][][][][][][][][] 
 []

) [134] (./thesis.aux)

LaTeX Warning: There were undefined references.

Package logreq Info: Writing requests to 'thesis.run.xml'.
\openout1 = `thesis.run.xml'.

 ) 
Here is how much of TeX's memory you used:
 30004 strings out of 492646
 566320 string characters out of 6133326
 1019368 words of memory out of 5000000
 33468 multiletter control sequences out of 15000+600000
 544813 words of font info for 66 fonts, out of 8000000 for 9000
 1141 hyphenation exceptions out of 8191
 60i,23n,78p,2422b,2030s stack positions out of 5000i,500n,10000p,200000b,80000s
{c:/texlive/2018/texmf-dist/fonts/enc/dvips/cm-super/cm-super-ts1.enc}<c:/tex
live/2018/texmf-dist/fonts/type1/public/amsfonts/cm/cmbx10.pfb><c:/texlive/2018
/texmf-dist/fonts/type1/public/amsfonts/cm/cmbx12.pfb><c:/texlive/2018/texmf-di
st/fonts/type1/public/amsfonts/cm/cmbx7.pfb><c:/texlive/2018/texmf-dist/fonts/t
ype1/public/amsfonts/cm/cmex10.pfb><c:/texlive/2018/texmf-dist/fonts/type1/publ
ic/amsfonts/cm/cmmi10.pfb><c:/texlive/2018/texmf-dist/fonts/type1/public/amsfon
ts/cm/cmmi5.pfb><c:/texlive/2018/texmf-dist/fonts/type1/public/amsfonts/cm/cmmi
7.pfb><c:/texlive/2018/texmf-dist/fonts/type1/public/amsfonts/cm/cmmi9.pfb><c:/
texlive/2018/texmf-dist/fonts/type1/public/amsfonts/cm/cmmib10.pfb><c:/texlive/
2018/texmf-dist/fonts/type1/public/amsfonts/cmextra/cmmib7.pfb><c:/texlive/2018
/texmf-dist/fonts/type1/public/amsfonts/cm/cmr10.pfb><c:/texlive/2018/texmf-dis
t/fonts/type1/public/amsfonts/cm/cmr12.pfb><c:/texlive/2018/texmf-dist/fonts/ty
pe1/public/amsfonts/cm/cmr5.pfb><c:/texlive/2018/texmf-dist/fonts/type1/public/
amsfonts/cm/cmr6.pfb><c:/texlive/2018/texmf-dist/fonts/type1/public/amsfonts/cm
/cmr7.pfb><c:/texlive/2018/texmf-dist/fonts/type1/public/amsfonts/cm/cmr8.pfb><
c:/texlive/2018/texmf-dist/fonts/type1/public/amsfonts/cm/cmr9.pfb><c:/texlive/
2018/texmf-dist/fonts/type1/public/amsfonts/cm/cmsy10.pfb><c:/texlive/2018/texm
f-dist/fonts/type1/public/amsfonts/cm/cmsy7.pfb><c:/texlive/2018/texmf-dist/fon
ts/type1/public/amsfonts/cm/cmsy9.pfb><c:/texlive/2018/texmf-dist/fonts/type1/p
ublic/amsfonts/cm/cmti10.pfb><c:/texlive/2018/texmf-dist/fonts/type1/public/ams
fonts/cm/cmtt10.pfb><c:/texlive/2018/texmf-dist/fonts/type1/public/cm-super/sfr
m1000.pfb><c:/texlive/2018/texmf-dist/fonts/type1/public/cm-super/sfrm1440.pfb>
<c:/texlive/2018/texmf-dist/fonts/type1/public/cm-super/sfti1000.pfb>
Output written on thesis.pdf (148 pages, 14188559 bytes).
PDF statistics:
 965 PDF objects out of 1000 (max. 8388607)
 637 compressed objects within 7 object streams
 0 named destinations out of 1000 (max. 500000)
 291 words of extra memory for PDF output out of 10000 (max. 10000000)

