This is pdfTeX, Version 3.14159265-2.6-1.40.19 (MiKTeX 2.9.6630) (preloaded format=pdflatex 2018.3.11)  22 JUL 2019 21:59
entering extended mode
**./ch4-vnaunc.tex
(ch4-vnaunc.tex
LaTeX2e <2017-04-15>
Babel <3.18> and hyphenation patterns for 72 language(s) loaded.

("C:\Users\helgr\AppData\Local\Programs\MiKTeX 2.9\tex\latex\subfiles\subfiles.
cls"
Document Class: subfiles 2012/05/23 Federico Garcia
("C:\Users\helgr\AppData\Local\Programs\MiKTeX 2.9\tex\latex\tools\verbatim.sty
"
Package: verbatim 2014/10/28 v1.5q LaTeX2e package for verbatim enhancements
\every@verbatim=\toks14
\verbatim@line=\toks15
\verbatim@in@stream=\read1
)
Preamble taken from file `../thesis/thesis.tex'
(../thesis/thesis.tex
("C:\Users\helgr\AppData\Local\Programs\MiKTeX 2.9\tex\latex\base\book.cls"
Document Class: book 2014/09/29 v1.4h Standard LaTeX document class
("C:\Users\helgr\AppData\Local\Programs\MiKTeX 2.9\tex\latex\base\bk10.clo"
File: bk10.clo 2014/09/29 v1.4h Standard LaTeX file (size option)
)
\c@part=\count79
\c@chapter=\count80
\c@section=\count81
\c@subsection=\count82
\c@subsubsection=\count83
\c@paragraph=\count84
\c@subparagraph=\count85
\c@figure=\count86
\c@table=\count87
\abovecaptionskip=\skip41
\belowcaptionskip=\skip42
\bibindent=\dimen102
)
(../preamble.sty

LaTeX Warning: You have requested package `../preamble',
               but the package provides `preamble'.

Package: preamble 

("C:\Users\helgr\AppData\Local\Programs\MiKTeX 2.9\tex\latex\subfiles\subfiles.
sty"
Package: subfiles 2012/05/23 Federico Garcia
)
("C:\Users\helgr\AppData\Local\Programs\MiKTeX 2.9\tex\latex\biblatex\biblatex.
sty"
Package: biblatex 2018/03/04 v3.11 programmable bibliographies (PK/MW)

("C:\Users\helgr\AppData\Local\Programs\MiKTeX 2.9\tex\generic\oberdiek\pdftexc
mds.sty"
Package: pdftexcmds 2018/01/21 v0.26 Utility functions of pdfTeX for LuaTeX (HO
)

("C:\Users\helgr\AppData\Local\Programs\MiKTeX 2.9\tex\generic\oberdiek\infware
rr.sty"
Package: infwarerr 2016/05/16 v1.4 Providing info/warning/error messages (HO)
)
("C:\Users\helgr\AppData\Local\Programs\MiKTeX 2.9\tex\generic\oberdiek\ifluate
x.sty"
Package: ifluatex 2016/05/16 v1.4 Provides the ifluatex switch (HO)
Package ifluatex Info: LuaTeX not detected.
)
("C:\Users\helgr\AppData\Local\Programs\MiKTeX 2.9\tex\generic\oberdiek\ltxcmds
.sty"
Package: ltxcmds 2016/05/16 v1.23 LaTeX kernel commands for general use (HO)
)
("C:\Users\helgr\AppData\Local\Programs\MiKTeX 2.9\tex\generic\oberdiek\ifpdf.s
ty"
Package: ifpdf 2017/03/15 v3.2 Provides the ifpdf switch
)
Package pdftexcmds Info: LuaTeX not detected.
Package pdftexcmds Info: \pdf@primitive is available.
Package pdftexcmds Info: \pdf@ifprimitive is available.
Package pdftexcmds Info: \pdfdraftmode found.
)
("C:\Users\helgr\AppData\Local\Programs\MiKTeX 2.9\tex\latex\etoolbox\etoolbox.
sty"
Package: etoolbox 2018/02/11 v2.5e e-TeX tools for LaTeX (JAW)
\etb@tempcnta=\count88
)
("C:\Users\helgr\AppData\Local\Programs\MiKTeX 2.9\tex\latex\graphics\keyval.st
y"
Package: keyval 2014/10/28 v1.15 key=value parser (DPC)
\KV@toks@=\toks16
)
("C:\Users\helgr\AppData\Local\Programs\MiKTeX 2.9\tex\latex\oberdiek\kvoptions
.sty"
Package: kvoptions 2016/05/16 v3.12 Key value format for package options (HO)

("C:\Users\helgr\AppData\Local\Programs\MiKTeX 2.9\tex\generic\oberdiek\kvsetke
ys.sty"
Package: kvsetkeys 2016/05/16 v1.17 Key value parser (HO)

("C:\Users\helgr\AppData\Local\Programs\MiKTeX 2.9\tex\generic\oberdiek\etexcmd
s.sty"
Package: etexcmds 2016/05/16 v1.6 Avoid name clashes with e-TeX commands (HO)
Package etexcmds Info: Could not find \expanded.
(etexcmds)             That can mean that you are not using pdfTeX 1.50 or
(etexcmds)             that some package has redefined \expanded.
(etexcmds)             In the latter case, load this package earlier.
)))
("C:\Users\helgr\AppData\Local\Programs\MiKTeX 2.9\tex\latex\logreq\logreq.sty"
Package: logreq 2010/08/04 v1.0 xml request logger
\lrq@indent=\count89
("C:\Users\helgr\AppData\Local\Programs\MiKTeX 2.9\tex\latex\logreq\logreq.def"
File: logreq.def 2010/08/04 v1.0 logreq spec v1.0
)) ("C:\Users\helgr\AppData\Local\Programs\MiKTeX 2.9\tex\latex\base\ifthen.sty
"
Package: ifthen 2014/09/29 v1.1c Standard LaTeX ifthen package (DPC)
) ("C:\Users\helgr\AppData\Local\Programs\MiKTeX 2.9\tex\latex\url\url.sty"
\Urlmuskip=\muskip10
Package: url 2013/09/16  ver 3.4  Verb mode for urls, etc.
)
("C:\Users\helgr\AppData\Local\Programs\MiKTeX 2.9\tex\latex\xstring\xstring.st
y"
("C:\Users\helgr\AppData\Local\Programs\MiKTeX 2.9\tex\generic\xstring\xstring.
tex"
\@xs@message=\write3
\integerpart=\count90
\decimalpart=\count91
)
Package: xstring 2013/10/13  v1.7c  String manipulations (C Tellechea)
)
\c@tabx@nest=\count92
\c@listtotal=\count93
\c@listcount=\count94
\c@liststart=\count95
\c@liststop=\count96
\c@citecount=\count97
\c@citetotal=\count98
\c@multicitecount=\count99
\c@multicitetotal=\count100
\c@instcount=\count101
\c@maxnames=\count102
\c@minnames=\count103
\c@maxitems=\count104
\c@minitems=\count105
\c@citecounter=\count106
\c@savedcitecounter=\count107
\c@uniquelist=\count108
\c@uniquename=\count109
\c@refsection=\count110
\c@refsegment=\count111
\c@maxextratitle=\count112
\c@maxextratitleyear=\count113
\c@maxextradate=\count114
\c@maxextraalpha=\count115
\c@abbrvpenalty=\count116
\c@highnamepenalty=\count117
\c@lownamepenalty=\count118
\c@maxparens=\count119
\c@parenlevel=\count120
\blx@tempcnta=\count121
\blx@tempcntb=\count122
\blx@tempcntc=\count123
\blx@maxsection=\count124
\blx@maxsegment@0=\count125
\blx@notetype=\count126
\blx@parenlevel@text=\count127
\blx@parenlevel@foot=\count128
\blx@sectionciteorder@0=\count129
\labelnumberwidth=\skip43
\labelalphawidth=\skip44
\biblabelsep=\skip45
\bibitemsep=\skip46
\bibnamesep=\skip47
\bibinitsep=\skip48
\bibparsep=\skip49
\bibhang=\skip50
\blx@bcfin=\read2
\blx@bcfout=\write4
\c@mincomprange=\count130
\c@maxcomprange=\count131
\c@mincompwidth=\count132
Package biblatex Info: Trying to load biblatex default data model...
Package biblatex Info: ... file 'blx-dm.def' found.

("C:\Users\helgr\AppData\Local\Programs\MiKTeX 2.9\tex\latex\biblatex\blx-dm.de
f"
File: blx-dm.def 2018/03/04 v3.11 biblatex localization (PK/MW)
)
Package biblatex Info: Trying to load biblatex style data model...
Package biblatex Info: ... file 'ieee.dbx' not found.
Package biblatex Info: Trying to load biblatex custom data model...
Package biblatex Info: ... file 'biblatex-dm.cfg' not found.
\c@afterword=\count133
\c@savedafterword=\count134
\c@annotator=\count135
\c@savedannotator=\count136
\c@author=\count137
\c@savedauthor=\count138
\c@bookauthor=\count139
\c@savedbookauthor=\count140
\c@commentator=\count141
\c@savedcommentator=\count142
\c@editor=\count143
\c@savededitor=\count144
\c@editora=\count145
\c@savededitora=\count146
\c@editorb=\count147
\c@savededitorb=\count148
\c@editorc=\count149
\c@savededitorc=\count150
\c@foreword=\count151
\c@savedforeword=\count152
\c@holder=\count153
\c@savedholder=\count154
\c@introduction=\count155
\c@savedintroduction=\count156
\c@namea=\count157
\c@savednamea=\count158
\c@nameb=\count159
\c@savednameb=\count160
\c@namec=\count161
\c@savednamec=\count162
\c@translator=\count163
\c@savedtranslator=\count164
\c@shortauthor=\count165
\c@savedshortauthor=\count166
\c@shorteditor=\count167
\c@savedshorteditor=\count168
\c@labelname=\count169
\c@savedlabelname=\count170
\c@institution=\count171
\c@savedinstitution=\count172
\c@lista=\count173
\c@savedlista=\count174
\c@listb=\count175
\c@savedlistb=\count176
\c@listc=\count177
\c@savedlistc=\count178
\c@listd=\count179
\c@savedlistd=\count180
\c@liste=\count181
\c@savedliste=\count182
\c@listf=\count183
\c@savedlistf=\count184
\c@location=\count185
\c@savedlocation=\count186
\c@organization=\count187
\c@savedorganization=\count188
\c@origlocation=\count189
\c@savedoriglocation=\count190
\c@origpublisher=\count191
\c@savedorigpublisher=\count192
\c@publisher=\count193
\c@savedpublisher=\count194
\c@language=\count195
\c@savedlanguage=\count196
\c@origlanguage=\count197
\c@savedoriglanguage=\count198
\c@pageref=\count199
\c@savedpageref=\count266
\shorthandwidth=\skip51
\shortjournalwidth=\skip52
\shortserieswidth=\skip53
\shorttitlewidth=\skip54
\shortauthorwidth=\skip55
\shorteditorwidth=\skip56
\locallabelnumberwidth=\skip57
\locallabelalphawidth=\skip58
\localshorthandwidth=\skip59
\localshortjournalwidth=\skip60
\localshortserieswidth=\skip61
\localshorttitlewidth=\skip62
\localshortauthorwidth=\skip63
\localshorteditorwidth=\skip64
Package biblatex Info: Trying to load compatibility code...
Package biblatex Info: ... file 'blx-compat.def' found.

("C:\Users\helgr\AppData\Local\Programs\MiKTeX 2.9\tex\latex\biblatex\blx-compa
t.def"
File: blx-compat.def 2018/03/04 v3.11 biblatex compatibility (PK/MW)
)
Package biblatex Info: Trying to load generic definitions...
Package biblatex Info: ... file 'biblatex.def' found.

("C:\Users\helgr\AppData\Local\Programs\MiKTeX 2.9\tex\latex\biblatex\biblatex.
def"
File: biblatex.def 2018/03/04 v3.11 biblatex compatibility (PK/MW)
\c@textcitecount=\count267
\c@textcitetotal=\count268
\c@textcitemaxnames=\count269
\c@biburlnumpenalty=\count270
\c@biburlucpenalty=\count271
\c@biburllcpenalty=\count272
\c@smartand=\count273
)
Package biblatex Info: Trying to load bibliography style 'ieee'...
Package biblatex Info: ... file 'ieee.bbx' found.

("C:\Users\helgr\AppData\Local\Programs\MiKTeX 2.9\tex\latex\biblatex-ieee\ieee
.bbx"
File: ieee.bbx 2017/03/27 v1.2d biblatex bibliography style
Package biblatex Info: Trying to load bibliography style 'numeric-comp'...
Package biblatex Info: ... file 'numeric-comp.bbx' found.

("C:\Users\helgr\AppData\Local\Programs\MiKTeX 2.9\tex\latex\biblatex\bbx\numer
ic-comp.bbx"
File: numeric-comp.bbx 2018/03/04 v3.11 biblatex bibliography style (PK/MW)
Package biblatex Info: Trying to load bibliography style 'numeric'...
Package biblatex Info: ... file 'numeric.bbx' found.

("C:\Users\helgr\AppData\Local\Programs\MiKTeX 2.9\tex\latex\biblatex\bbx\numer
ic.bbx"
File: numeric.bbx 2018/03/04 v3.11 biblatex bibliography style (PK/MW)
Package biblatex Info: Trying to load bibliography style 'standard'...
Package biblatex Info: ... file 'standard.bbx' found.

("C:\Users\helgr\AppData\Local\Programs\MiKTeX 2.9\tex\latex\biblatex\bbx\stand
ard.bbx"
File: standard.bbx 2018/03/04 v3.11 biblatex bibliography style (PK/MW)
\c@bbx:relatedcount=\count274
\c@bbx:relatedtotal=\count275
))))
Package biblatex Info: Trying to load citation style 'ieee'...
Package biblatex Info: ... file 'ieee.cbx' found.

("C:\Users\helgr\AppData\Local\Programs\MiKTeX 2.9\tex\latex\biblatex-ieee\ieee
.cbx"
File: ieee.cbx 2017/03/27 v1.2d biblatex citation style
Package biblatex Info: Trying to load citation style 'numeric-comp'...
Package biblatex Info: ... file 'numeric-comp.cbx' found.

("C:\Users\helgr\AppData\Local\Programs\MiKTeX 2.9\tex\latex\biblatex\cbx\numer
ic-comp.cbx"
File: numeric-comp.cbx 2018/03/04 v3.11 biblatex citation style (PK/MW)
\c@cbx@tempcnta=\count276
\c@cbx@tempcntb=\count277
Package biblatex Info: Redefining '\cite'.
Package biblatex Info: Redefining '\parencite'.
Package biblatex Info: Redefining '\footcite'.
Package biblatex Info: Redefining '\footcitetext'.
Package biblatex Info: Redefining '\smartcite'.
Package biblatex Info: Redefining '\supercite'.
Package biblatex Info: Redefining '\textcite'.
Package biblatex Info: Redefining '\textcites'.
Package biblatex Info: Redefining '\cites'.
Package biblatex Info: Redefining '\parencites'.
Package biblatex Info: Redefining '\smartcites'.
)
Package biblatex Info: Redefining '\cite'.
Package biblatex Info: Redefining '\cites'.
)
Package biblatex Info: Trying to load configuration file...
Package biblatex Info: ... file 'biblatex.cfg' found.

("C:\Users\helgr\AppData\Local\Programs\MiKTeX 2.9\tex\latex\biblatex\biblatex.
cfg"
File: biblatex.cfg 
))
("C:\Users\helgr\AppData\Local\Programs\MiKTeX 2.9\tex\latex\graphics\graphicx.
sty"
Package: graphicx 2017/06/01 v1.1a Enhanced LaTeX Graphics (DPC,SPQR)

("C:\Users\helgr\AppData\Local\Programs\MiKTeX 2.9\tex\latex\graphics\graphics.
sty"
Package: graphics 2017/06/25 v1.2c Standard LaTeX Graphics (DPC,SPQR)

("C:\Users\helgr\AppData\Local\Programs\MiKTeX 2.9\tex\latex\graphics\trig.sty"
Package: trig 2016/01/03 v1.10 sin cos tan (DPC)
)
("C:\Users\helgr\AppData\Local\Programs\MiKTeX 2.9\tex\latex\graphics-cfg\graph
ics.cfg"
File: graphics.cfg 2016/06/04 v1.11 sample graphics configuration
)
Package graphics Info: Driver file: pdftex.def on input line 99.

("C:\Users\helgr\AppData\Local\Programs\MiKTeX 2.9\tex\latex\graphics-def\pdfte
x.def"
File: pdftex.def 2018/01/08 v1.0l Graphics/color driver for pdftex
))
\Gin@req@height=\dimen103
\Gin@req@width=\dimen104
)
("C:\Users\helgr\AppData\Local\Programs\MiKTeX 2.9\tex\latex\titlesec\titlesec.
sty"
Package: titlesec 2016/03/21 v2.10.2 Sectioning titles
\ttl@box=\box26
\beforetitleunit=\skip65
\aftertitleunit=\skip66
\ttl@plus=\dimen105
\ttl@minus=\dimen106
\ttl@toksa=\toks17
\titlewidth=\dimen107
\titlewidthlast=\dimen108
\titlewidthfirst=\dimen109
)
("C:\Users\helgr\AppData\Local\Programs\MiKTeX 2.9\tex\latex\geometry\geometry.
sty"
Package: geometry 2010/09/12 v5.6 Page Geometry

("C:\Users\helgr\AppData\Local\Programs\MiKTeX 2.9\tex\generic\oberdiek\ifvtex.
sty"
Package: ifvtex 2016/05/16 v1.6 Detect VTeX and its facilities (HO)
Package ifvtex Info: VTeX not detected.
)
("C:\Users\helgr\AppData\Local\Programs\MiKTeX 2.9\tex\generic\ifxetex\ifxetex.
sty"
Package: ifxetex 2010/09/12 v0.6 Provides ifxetex conditional
)
\Gm@cnth=\count278
\Gm@cntv=\count279
\c@Gm@tempcnt=\count280
\Gm@bindingoffset=\dimen110
\Gm@wd@mp=\dimen111
\Gm@odd@mp=\dimen112
\Gm@even@mp=\dimen113
\Gm@layoutwidth=\dimen114
\Gm@layoutheight=\dimen115
\Gm@layouthoffset=\dimen116
\Gm@layoutvoffset=\dimen117
\Gm@dimlist=\toks18

("C:\Users\helgr\AppData\Local\Programs\MiKTeX 2.9\tex\latex\geometry\geometry.
cfg"))
("C:\Users\helgr\AppData\Local\Programs\MiKTeX 2.9\tex\latex\fancyhdr\fancyhdr.
sty"
Package: fancyhdr 2017/06/30 v3.9a Extensive control of page headers and footer
s
\f@nch@headwidth=\skip67
\f@nch@O@elh=\skip68
\f@nch@O@erh=\skip69
\f@nch@O@olh=\skip70
\f@nch@O@orh=\skip71
\f@nch@O@elf=\skip72
\f@nch@O@erf=\skip73
\f@nch@O@olf=\skip74
\f@nch@O@orf=\skip75
)
("C:\Users\helgr\AppData\Local\Programs\MiKTeX 2.9\tex\latex\amsmath\amsmath.st
y"
Package: amsmath 2017/09/02 v2.17a AMS math features
\@mathmargin=\skip76

For additional information on amsmath, use the `?' option.

("C:\Users\helgr\AppData\Local\Programs\MiKTeX 2.9\tex\latex\amsmath\amstext.st
y"
Package: amstext 2000/06/29 v2.01 AMS text

("C:\Users\helgr\AppData\Local\Programs\MiKTeX 2.9\tex\latex\amsmath\amsgen.sty
"
File: amsgen.sty 1999/11/30 v2.0 generic functions
\@emptytoks=\toks19
\ex@=\dimen118
))
("C:\Users\helgr\AppData\Local\Programs\MiKTeX 2.9\tex\latex\amsmath\amsbsy.sty
"
Package: amsbsy 1999/11/29 v1.2d Bold Symbols
\pmbraise@=\dimen119
)
("C:\Users\helgr\AppData\Local\Programs\MiKTeX 2.9\tex\latex\amsmath\amsopn.sty
"
Package: amsopn 2016/03/08 v2.02 operator names
)
\inf@bad=\count281
LaTeX Info: Redefining \frac on input line 213.
\uproot@=\count282
\leftroot@=\count283
LaTeX Info: Redefining \overline on input line 375.
\classnum@=\count284
\DOTSCASE@=\count285
LaTeX Info: Redefining \ldots on input line 472.
LaTeX Info: Redefining \dots on input line 475.
LaTeX Info: Redefining \cdots on input line 596.
\Mathstrutbox@=\box27
\strutbox@=\box28
\big@size=\dimen120
LaTeX Font Info:    Redeclaring font encoding OML on input line 712.
LaTeX Font Info:    Redeclaring font encoding OMS on input line 713.
\macc@depth=\count286
\c@MaxMatrixCols=\count287
\dotsspace@=\muskip11
\c@parentequation=\count288
\dspbrk@lvl=\count289
\tag@help=\toks20
\row@=\count290
\column@=\count291
\maxfields@=\count292
\andhelp@=\toks21
\eqnshift@=\dimen121
\alignsep@=\dimen122
\tagshift@=\dimen123
\tagwidth@=\dimen124
\totwidth@=\dimen125
\lineht@=\dimen126
\@envbody=\toks22
\multlinegap=\skip77
\multlinetaggap=\skip78
\mathdisplay@stack=\toks23
LaTeX Info: Redefining \[ on input line 2817.
LaTeX Info: Redefining \] on input line 2818.
) ("C:\Users\helgr\AppData\Local\Programs\MiKTeX 2.9\tex\latex\tools\bm.sty"
Package: bm 2017/01/16 v1.2c Bold Symbol Support (DPC/FMi)
\symboldoperators=\mathgroup4
\symboldletters=\mathgroup5
\symboldsymbols=\mathgroup6
LaTeX Font Info:    Redeclaring math alphabet \mathbf on input line 141.
LaTeX Info: Redefining \bm on input line 207.
) ("C:\Users\helgr\AppData\Local\Programs\MiKTeX 2.9\tex\latex\xpatch\xpatch.st
y"
("C:\Users\helgr\AppData\Local\Programs\MiKTeX 2.9\tex\latex\l3kernel\expl3.sty
"
Package: expl3 2018/03/05 L3 programming layer (loader) 

("C:\Users\helgr\AppData\Local\Programs\MiKTeX 2.9\tex\latex\l3kernel\expl3-cod
e.tex"
Package: expl3 2018/03/05 L3 programming layer (code)
\c_max_int=\count293
\l_tmpa_int=\count294
\l_tmpb_int=\count295
\g_tmpa_int=\count296
\g_tmpb_int=\count297
\g__intarray_font_int=\count298
\g__prg_map_int=\count299
\c_log_iow=\count300
\l_iow_line_count_int=\count301
\l__iow_line_target_int=\count302
\l__iow_one_indent_int=\count303
\l__iow_indent_int=\count304
\c_zero_dim=\dimen127
\c_max_dim=\dimen128
\l_tmpa_dim=\dimen129
\l_tmpb_dim=\dimen130
\g_tmpa_dim=\dimen131
\g_tmpb_dim=\dimen132
\c_zero_skip=\skip79
\c_max_skip=\skip80
\l_tmpa_skip=\skip81
\l_tmpb_skip=\skip82
\g_tmpa_skip=\skip83
\g_tmpb_skip=\skip84
\c_zero_muskip=\muskip12
\c_max_muskip=\muskip13
\l_tmpa_muskip=\muskip14
\l_tmpb_muskip=\muskip15
\g_tmpa_muskip=\muskip16
\g_tmpb_muskip=\muskip17
\l_keys_choice_int=\count305
\c__fp_leading_shift_int=\count306
\c__fp_middle_shift_int=\count307
\c__fp_trailing_shift_int=\count308
\c__fp_big_leading_shift_int=\count309
\c__fp_big_middle_shift_int=\count310
\c__fp_big_trailing_shift_int=\count311
\c__fp_Bigg_leading_shift_int=\count312
\c__fp_Bigg_middle_shift_int=\count313
\c__fp_Bigg_trailing_shift_int=\count314
\c__fp_rand_size_int=\count315
\c__fp_rand_four_int=\count316
\c__fp_rand_eight_int=\count317
\l__sort_length_int=\count318
\l__sort_min_int=\count319
\l__sort_top_int=\count320
\l__sort_max_int=\count321
\l__sort_true_max_int=\count322
\l__sort_block_int=\count323
\l__sort_begin_int=\count324
\l__sort_end_int=\count325
\l__sort_A_int=\count326
\l__sort_B_int=\count327
\l__sort_C_int=\count328
\l__tl_build_start_index_int=\count329
\l__tl_build_index_int=\count330
\l__tl_analysis_normal_int=\count331
\l__tl_analysis_index_int=\count332
\l__tl_analysis_nesting_int=\count333
\l__tl_analysis_type_int=\count334
\l__regex_internal_a_int=\count335
\l__regex_internal_b_int=\count336
\l__regex_internal_c_int=\count337
\l__regex_balance_int=\count338
\l__regex_group_level_int=\count339
\l__regex_mode_int=\count340
\c__regex_cs_in_class_mode_int=\count341
\c__regex_cs_mode_int=\count342
\l__regex_catcodes_int=\count343
\l__regex_default_catcodes_int=\count344
\c__regex_catcode_D_int=\count345
\c__regex_catcode_S_int=\count346
\c__regex_catcode_L_int=\count347
\c__regex_catcode_O_int=\count348
\c__regex_catcode_A_int=\count349
\c__regex_all_catcodes_int=\count350
\l__regex_show_lines_int=\count351
\l__regex_min_state_int=\count352
\l__regex_max_state_int=\count353
\l__regex_left_state_int=\count354
\l__regex_right_state_int=\count355
\l__regex_capturing_group_int=\count356
\l__regex_min_pos_int=\count357
\l__regex_max_pos_int=\count358
\l__regex_curr_pos_int=\count359
\l__regex_start_pos_int=\count360
\l__regex_success_pos_int=\count361
\l__regex_curr_char_int=\count362
\l__regex_curr_catcode_int=\count363
\l__regex_last_char_int=\count364
\l__regex_case_changed_char_int=\count365
\l__regex_curr_state_int=\count366
\l__regex_step_int=\count367
\l__regex_min_active_int=\count368
\l__regex_max_active_int=\count369
\l__regex_replacement_csnames_int=\count370
\l__regex_match_count_int=\count371
\l__regex_min_submatch_int=\count372
\l__regex_submatch_int=\count373
\l__regex_zeroth_submatch_int=\count374
\g__regex_trace_regex_int=\count375
\c_empty_box=\box29
\l_tmpa_box=\box30
\l_tmpb_box=\box31
\g_tmpa_box=\box32
\g_tmpb_box=\box33
\l__box_top_dim=\dimen133
\l__box_bottom_dim=\dimen134
\l__box_left_dim=\dimen135
\l__box_right_dim=\dimen136
\l__box_top_new_dim=\dimen137
\l__box_bottom_new_dim=\dimen138
\l__box_left_new_dim=\dimen139
\l__box_right_new_dim=\dimen140
\l__box_internal_box=\box34
\l__coffin_internal_box=\box35
\l__coffin_internal_dim=\dimen141
\l__coffin_offset_x_dim=\dimen142
\l__coffin_offset_y_dim=\dimen143
\l__coffin_x_dim=\dimen144
\l__coffin_y_dim=\dimen145
\l__coffin_x_prime_dim=\dimen146
\l__coffin_y_prime_dim=\dimen147
\c_empty_coffin=\box36
\l__coffin_aligned_coffin=\box37
\l__coffin_aligned_internal_coffin=\box38
\l_tmpa_coffin=\box39
\l_tmpb_coffin=\box40
\l__coffin_display_coffin=\box41
\l__coffin_display_coord_coffin=\box42
\l__coffin_display_pole_coffin=\box43
\l__coffin_display_offset_dim=\dimen148
\l__coffin_display_x_dim=\dimen149
\l__coffin_display_y_dim=\dimen150
\l__coffin_bounding_shift_dim=\dimen151
\l__coffin_left_corner_dim=\dimen152
\l__coffin_right_corner_dim=\dimen153
\l__coffin_bottom_corner_dim=\dimen154
\l__coffin_top_corner_dim=\dimen155
\l__coffin_scaled_total_height_dim=\dimen156
\l__coffin_scaled_width_dim=\dimen157
)
("C:\Users\helgr\AppData\Local\Programs\MiKTeX 2.9\tex\latex\l3kernel\l3pdfmode
.def"
File: l3pdfmode.def 2017/03/18 v L3 Experimental driver: PDF mode
\l__driver_color_stack_int=\count376
))
Package: xpatch 2012/10/02 v0.3 Extending etoolbox patching commands

("C:\Users\helgr\AppData\Local\Programs\MiKTeX 2.9\tex\latex\l3packages\xparse\
xparse.sty"
Package: xparse 2018/02/21 L3 Experimental document command parser
\l__xparse_current_arg_int=\count377
\g__xparse_grabber_int=\count378
\l__xparse_m_args_int=\count379
\l__xparse_mandatory_args_int=\count380
\l__xparse_v_nesting_int=\count381
)
.................................................
. LaTeX info: "xparse/define-command"
. 
. Defining command \xpatchcmd with sig. '' on line 125.
.................................................
.................................................
. LaTeX info: "xparse/define-command"
. 
. Defining command \xpretocmd with sig. '' on line 126.
.................................................
.................................................
. LaTeX info: "xparse/define-command"
. 
. Defining command \xapptocmd with sig. '' on line 127.
.................................................
.................................................
. LaTeX info: "xparse/define-command"
. 
. Defining command \xshowcmd with sig. '' on line 128.
.................................................
.................................................
. LaTeX info: "xparse/define-command"
. 
. Defining command \xpatchbibmacro with sig. 'm' on line 131.
.................................................
.................................................
. LaTeX info: "xparse/define-command"
. 
. Defining command \xpretobibmacro with sig. 'm' on line 133.
.................................................
.................................................
. LaTeX info: "xparse/define-command"
. 
. Defining command \xapptobibmacro with sig. 'm' on line 135.
.................................................
.................................................
. LaTeX info: "xparse/define-command"
. 
. Defining command \xshowbibmacro with sig. 'm' on line 137.
.................................................
.................................................
. LaTeX info: "xparse/define-command"
. 
. Defining command \xpatchfieldformat with sig. 'O{*}m' on line 139.
.................................................
.................................................
. LaTeX info: "xparse/define-command"
. 
. Defining command \xpretofieldformat with sig. 'O{*}m' on line 141.
.................................................
.................................................
. LaTeX info: "xparse/define-command"
. 
. Defining command \xapptofieldformat with sig. 'O{*}m' on line 143.
.................................................
.................................................
. LaTeX info: "xparse/define-command"
. 
. Defining command \xshowfieldformat with sig. 'O{*}m' on line 145.
.................................................
.................................................
. LaTeX info: "xparse/define-command"
. 
. Defining command \xpatchnameformat with sig. 'O{*}m' on line 147.
.................................................
.................................................
. LaTeX info: "xparse/define-command"
. 
. Defining command \xpretonameformat with sig. 'O{*}m' on line 149.
.................................................
.................................................
. LaTeX info: "xparse/define-command"
. 
. Defining command \xapptonameformat with sig. 'O{*}m' on line 151.
.................................................
.................................................
. LaTeX info: "xparse/define-command"
. 
. Defining command \xshownameformat with sig. 'O{*}m' on line 153.
.................................................
.................................................
. LaTeX info: "xparse/define-command"
. 
. Defining command \xpatchlistformat with sig. 'O{*}m' on line 155.
.................................................
.................................................
. LaTeX info: "xparse/define-command"
. 
. Defining command \xpretolistformat with sig. 'O{*}m' on line 157.
.................................................
.................................................
. LaTeX info: "xparse/define-command"
. 
. Defining command \xapptolistformat with sig. 'O{*}m' on line 159.
.................................................
.................................................
. LaTeX info: "xparse/define-command"
. 
. Defining command \xshowlistformat with sig. 'O{*}m' on line 161.
.................................................
.................................................
. LaTeX info: "xparse/define-command"
. 
. Defining command \xpatchindexfieldformat with sig. 'O{*}m' on line 163.
.................................................
.................................................
. LaTeX info: "xparse/define-command"
. 
. Defining command \xpretoindexfieldformat with sig. 'O{*}m' on line 165.
.................................................
.................................................
. LaTeX info: "xparse/define-command"
. 
. Defining command \xapptoindexfieldformat with sig. 'O{*}m' on line 167.
.................................................
.................................................
. LaTeX info: "xparse/define-command"
. 
. Defining command \xshowindexfieldformat with sig. 'O{*}m' on line 169.
.................................................
.................................................
. LaTeX info: "xparse/define-command"
. 
. Defining command \xpatchindexnameformat with sig. 'O{*}m' on line 171.
.................................................
.................................................
. LaTeX info: "xparse/define-command"
. 
. Defining command \xpretoindexnameformat with sig. 'O{*}m' on line 173.
.................................................
.................................................
. LaTeX info: "xparse/define-command"
. 
. Defining command \xapptoindexnameformat with sig. 'O{*}m' on line 175.
.................................................
.................................................
. LaTeX info: "xparse/define-command"
. 
. Defining command \xshowindexnameformat with sig. 'O{*}m' on line 177.
.................................................
.................................................
. LaTeX info: "xparse/define-command"
. 
. Defining command \xpatchindexlistformat with sig. 'O{*}m' on line 179.
.................................................
.................................................
. LaTeX info: "xparse/define-command"
. 
. Defining command \xpretoindexlistformat with sig. 'O{*}m' on line 181.
.................................................
.................................................
. LaTeX info: "xparse/define-command"
. 
. Defining command \xappindextolistformat with sig. 'O{*}m' on line 183.
.................................................
.................................................
. LaTeX info: "xparse/define-command"
. 
. Defining command \xshowindexlistformat with sig. 'O{*}m' on line 185.
.................................................
.................................................
. LaTeX info: "xparse/define-command"
. 
. Defining command \xpatchbibdriver with sig. 'm' on line 187.
.................................................
.................................................
. LaTeX info: "xparse/define-command"
. 
. Defining command \xpretobibdriver with sig. 'm' on line 189.
.................................................
.................................................
. LaTeX info: "xparse/define-command"
. 
. Defining command \xapptobibdriver with sig. 'm' on line 191.
.................................................
.................................................
. LaTeX info: "xparse/define-command"
. 
. Defining command \xshowbibdriver with sig. 'm' on line 193.
.................................................
)
("C:\Users\helgr\AppData\Local\Programs\MiKTeX 2.9\tex\latex\booktabs\booktabs.
sty"
Package: booktabs 2005/04/14 v1.61803 publication quality tables
\heavyrulewidth=\dimen158
\lightrulewidth=\dimen159
\cmidrulewidth=\dimen160
\belowrulesep=\dimen161
\belowbottomsep=\dimen162
\aboverulesep=\dimen163
\abovetopsep=\dimen164
\cmidrulesep=\dimen165
\cmidrulekern=\dimen166
\defaultaddspace=\dimen167
\@cmidla=\count382
\@cmidlb=\count383
\@aboverulesep=\dimen168
\@belowrulesep=\dimen169
\@thisruleclass=\count384
\@lastruleclass=\count385
\@thisrulewidth=\dimen170
)
("C:\Users\helgr\AppData\Local\Programs\MiKTeX 2.9\tex\latex\caption\subcaption
.sty"
Package: subcaption 2016/05/22 v1.1-161 Sub-captions (AR)

("C:\Users\helgr\AppData\Local\Programs\MiKTeX 2.9\tex\latex\caption\caption.st
y"
Package: caption 2016/02/21 v3.3-144 Customizing captions (AR)

("C:\Users\helgr\AppData\Local\Programs\MiKTeX 2.9\tex\latex\caption\caption3.s
ty"
Package: caption3 2016/05/22 v1.7-166 caption3 kernel (AR)
Package caption3 Info: TeX engine: e-TeX on input line 67.
\captionmargin=\dimen171
\captionmargin@=\dimen172
\captionwidth=\dimen173
\caption@tempdima=\dimen174
\caption@indent=\dimen175
\caption@parindent=\dimen176
\caption@hangindent=\dimen177
)
\c@ContinuedFloat=\count386
)
\c@subfigure=\count387
\c@subtable=\count388
))
("C:\Users\helgr\AppData\Local\Programs\MiKTeX 2.9\tex\latex\lipsum\lipsum.sty"
Package: lipsum 2014/07/27 v1.3 150 paragraphs of Lorem Ipsum dummy text
\c@lips@count=\count389
)
Package biblatex Info: Trying to load language 'english'...
Package biblatex Info: ... file 'english.lbx' found.

("C:\Users\helgr\AppData\Local\Programs\MiKTeX 2.9\tex\latex\biblatex\lbx\engli
sh.lbx"
File: english.lbx 2018/03/04 v3.11 biblatex localization (PK/MW)
)
\@quotelevel=\count390
\@quotereset=\count391
)) (ch4-vnaunc.aux)
\openout1 = `ch4-vnaunc.aux'.

LaTeX Font Info:    Checking defaults for OML/cmm/m/it on input line 5.
LaTeX Font Info:    ... okay on input line 5.
LaTeX Font Info:    Checking defaults for T1/cmr/m/n on input line 5.
LaTeX Font Info:    ... okay on input line 5.
LaTeX Font Info:    Checking defaults for OT1/cmr/m/n on input line 5.
LaTeX Font Info:    ... okay on input line 5.
LaTeX Font Info:    Checking defaults for OMS/cmsy/m/n on input line 5.
LaTeX Font Info:    ... okay on input line 5.
LaTeX Font Info:    Checking defaults for OMX/cmex/m/n on input line 5.
LaTeX Font Info:    ... okay on input line 5.
LaTeX Font Info:    Checking defaults for U/cmr/m/n on input line 5.
LaTeX Font Info:    ... okay on input line 5.
Package biblatex Info: No input encoding detected.
(biblatex)             Assuming 'ascii'.
Package biblatex Info: Automatic encoding selection.
(biblatex)             Assuming data encoding 'ascii'.
\openout4 = `ch4-vnaunc.bcf'.

Package biblatex Info: Trying to load bibliographic data...
Package biblatex Info: ... file 'ch4-vnaunc.bbl' found.
 (ch4-vnaunc.bbl)
Package biblatex Info: Reference section=0 on input line 5.
Package biblatex Info: Reference segment=0 on input line 5.

("C:\Users\helgr\AppData\Local\Programs\MiKTeX 2.9\tex\context\base\supp-pdf.mk
ii"
[Loading MPS to PDF converter (version 2006.09.02).]
\scratchcounter=\count392
\scratchdimen=\dimen178
\scratchbox=\box44
\nofMPsegments=\count393
\nofMParguments=\count394
\everyMPshowfont=\toks24
\MPscratchCnt=\count395
\MPscratchDim=\dimen179
\MPnumerator=\count396
\makeMPintoPDFobject=\count397
\everyMPtoPDFconversion=\toks25
)
("C:\Users\helgr\AppData\Local\Programs\MiKTeX 2.9\tex\latex\oberdiek\epstopdf-
base.sty"
Package: epstopdf-base 2016/05/15 v2.6 Base part for package epstopdf

("C:\Users\helgr\AppData\Local\Programs\MiKTeX 2.9\tex\latex\oberdiek\grfext.st
y"
Package: grfext 2016/05/16 v1.2 Manage graphics extensions (HO)

("C:\Users\helgr\AppData\Local\Programs\MiKTeX 2.9\tex\generic\oberdiek\kvdefin
ekeys.sty"
Package: kvdefinekeys 2016/05/16 v1.4 Define keys (HO)
))
Package epstopdf-base Info: Redefining graphics rule for `.eps' on input line 4
38.
Package grfext Info: Graphics extension search list:
(grfext)             [.pdf,.png,.jpg,.mps,.jpeg,.jbig2,.jb2,.PDF,.PNG,.JPG,.JPE
G,.JBIG2,.JB2,.eps]
(grfext)             \AppendGraphicsExtensions on input line 456.
)
*geometry* driver: auto-detecting
*geometry* detected driver: pdftex
*geometry* verbose mode - [ preamble ] result:
* driver: pdftex
* paper: a4paper
* layout: <same size as paper>
* layoutoffset:(h,v)=(0.0pt,0.0pt)
* modes: 
* h-part:(L,W,R)=(89.62709pt, 418.25368pt, 89.6271pt)
* v-part:(T,H,B)=(101.40665pt, 591.5302pt, 152.11pt)
* \paperwidth=597.50787pt
* \paperheight=845.04684pt
* \textwidth=418.25368pt
* \textheight=591.5302pt
* \oddsidemargin=17.3571pt
* \evensidemargin=17.3571pt
* \topmargin=-0.93083pt
* \headheight=12.0pt
* \headsep=18.06749pt
* \topskip=10.0pt
* \footskip=25.29494pt
* \marginparwidth=69.0pt
* \marginparsep=7.0pt
* \columnsep=10.0pt
* \skip\footins=9.0pt plus 4.0pt minus 2.0pt
* \hoffset=0.0pt
* \voffset=0.0pt
* \mag=1000
* \@twocolumnfalse
* \@twosidefalse
* \@mparswitchfalse
* \@reversemarginfalse
* (1in=72.27pt=25.4mm, 1cm=28.453pt)

Package caption Info: Begin \AtBeginDocument code.
Package caption Info: End \AtBeginDocument code.
\blx@maxsegment@1=\count398
\blx@sectionciteorder@1=\count399
Package biblatex Info: Reference section=1 on input line 9.
Package biblatex Info: Setting label 'refsection:1' on input line 9.
Chapter 4.

Overfull \hbox (0.33437pt too wide) in paragraph at lines 10--10
|[]\OT1/cmr/bx/n/20.74 Evaluating Un-cer-tainty in Vec-tor Net-
 []

Missing character: There is no â in font cmr10!
Missing character: There is no € in font cmr10!
Missing character: There is no ™ in font cmr10!
[1


{C:/Users/helgr/AppData/Local/MiKTeX/2.9/pdftex/config/pdftex.map}]
Overfull \hbox (60.88399pt too wide) has occurred while \output is active
\OT1/cmr/m/sl/10 CHAPTER 4.  EVALUATING UNCERTAINTY IN VECTOR NETWORK ANALYSER 
MEASUREMENTS \OT1/cmr/m/n/10 2
 []

[2]
<../figs/ch4-vnaunc/Ripple1.png, id=14, 634.62094pt x 548.80031pt>
File: ../figs/ch4-vnaunc/Ripple1.png Graphic file (type png)
<use ../figs/ch4-vnaunc/Ripple1.png>
Package pdftex.def Info: ../figs/ch4-vnaunc/Ripple1.png  used on input line 37.

(pdftex.def)             Requested size: 167.2989pt x 144.66934pt.
<../figs/ch4-vnaunc/Ripple2.png, id=16, 670.00313pt x 548.0475pt>
File: ../figs/ch4-vnaunc/Ripple2.png Graphic file (type png)
<use ../figs/ch4-vnaunc/Ripple2.png>
Package pdftex.def Info: ../figs/ch4-vnaunc/Ripple2.png  used on input line 43.

(pdftex.def)             Requested size: 167.2989pt x 136.84428pt.
<../figs/ch4-vnaunc/Ripple3.png, id=17, 624.08156pt x 532.23843pt>
File: ../figs/ch4-vnaunc/Ripple3.png Graphic file (type png)
<use ../figs/ch4-vnaunc/Ripple3.png>
Package pdftex.def Info: ../figs/ch4-vnaunc/Ripple3.png  used on input line 49.

(pdftex.def)             Requested size: 167.2989pt x 142.67488pt.


LaTeX Warning: Float too large for page by 29.15826pt on input line 54.


Overfull \hbox (60.88399pt too wide) has occurred while \output is active
\OT1/cmr/m/sl/10 CHAPTER 4.  EVALUATING UNCERTAINTY IN VECTOR NETWORK ANALYSER 
MEASUREMENTS \OT1/cmr/m/n/10 3
 []

[3]
Overfull \hbox (60.88399pt too wide) has occurred while \output is active
\OT1/cmr/m/sl/10 CHAPTER 4.  EVALUATING UNCERTAINTY IN VECTOR NETWORK ANALYSER 
MEASUREMENTS \OT1/cmr/m/n/10 4
 []

[4 <../figs/ch4-vnaunc/Ripple1.png> <../figs/ch4-vnaunc/Ripple2.png> <../figs/c
h4-vnaunc/Ripple3.png>]
<../figs/ch4-vnaunc/dir_smith.png, id=32, 353.82187pt x 389.95688pt>
File: ../figs/ch4-vnaunc/dir_smith.png Graphic file (type png)
<use ../figs/ch4-vnaunc/dir_smith.png>
Package pdftex.def Info: ../figs/ch4-vnaunc/dir_smith.png  used on input line 6
6.
(pdftex.def)             Requested size: 150.57158pt x 165.9526pt.
<../figs/ch4-vnaunc/dir_xy.png, id=33, 247.3605pt x 174.762pt>
File: ../figs/ch4-vnaunc/dir_xy.png Graphic file (type png)
<use ../figs/ch4-vnaunc/dir_xy.png>
Package pdftex.def Info: ../figs/ch4-vnaunc/dir_xy.png  used on input line 68.
(pdftex.def)             Requested size: 242.58789pt x 171.38823pt.

Overfull \hbox (60.88399pt too wide) has occurred while \output is active
\OT1/cmr/m/sl/10 CHAPTER 4.  EVALUATING UNCERTAINTY IN VECTOR NETWORK ANALYSER 
MEASUREMENTS \OT1/cmr/m/n/10 5
 []

[5 <../figs/ch4-vnaunc/dir_smith.png> <../figs/ch4-vnaunc/dir_xy.png>]
<../figs/ch4-vnaunc/tpm_smith.png, id=39, 362.85562pt x 396.7322pt>
File: ../figs/ch4-vnaunc/tpm_smith.png Graphic file (type png)
<use ../figs/ch4-vnaunc/tpm_smith.png>
Package pdftex.def Info: ../figs/ch4-vnaunc/tpm_smith.png  used on input line 8
5.
(pdftex.def)             Requested size: 150.57158pt x 164.62868pt.
<../figs/ch4-vnaunc/tpm_xy.png, id=40, 234.2205pt x 165.564pt>
File: ../figs/ch4-vnaunc/tpm_xy.png Graphic file (type png)
<use ../figs/ch4-vnaunc/tpm_xy.png>
Package pdftex.def Info: ../figs/ch4-vnaunc/tpm_xy.png  used on input line 87.
(pdftex.def)             Requested size: 242.58789pt x 171.47763pt.
Missing character: There is no â in font cmr10!
Missing character: There is no € in font cmr10!
Missing character: There is no “ in font cmr10!

Overfull \hbox (60.88399pt too wide) has occurred while \output is active
\OT1/cmr/m/sl/10 CHAPTER 4.  EVALUATING UNCERTAINTY IN VECTOR NETWORK ANALYSER 
MEASUREMENTS \OT1/cmr/m/n/10 6
 []

[6 <../figs/ch4-vnaunc/tpm_smith.png> <../figs/ch4-vnaunc/tpm_xy.png>]
<../figs/ch4-vnaunc/coaxial_load.png, id=46, 233.5635pt x 164.907pt>
File: ../figs/ch4-vnaunc/coaxial_load.png Graphic file (type png)
<use ../figs/ch4-vnaunc/coaxial_load.png>
Package pdftex.def Info: ../figs/ch4-vnaunc/coaxial_load.png  used on input lin
e 104.
(pdftex.def)             Requested size: 271.86234pt x 191.94647pt.
<../figs/ch4-vnaunc/coaxial_short.png, id=47, 233.5635pt x 164.907pt>
File: ../figs/ch4-vnaunc/coaxial_short.png Graphic file (type png)
<use ../figs/ch4-vnaunc/coaxial_short.png>
Package pdftex.def Info: ../figs/ch4-vnaunc/coaxial_short.png  used on input li
ne 111.
(pdftex.def)             Requested size: 271.86234pt x 191.94647pt.


LaTeX Warning: No positions in optional float specifier.
               Default added (so using `tbp') on input line 116.

Missing character: There is no â in font cmr10!
Missing character: There is no € in font cmr10!
Missing character: There is no ” in font cmr10!
Missing character: There is no â in font cmr10!
Missing character: There is no € in font cmr10!
Missing character: There is no ” in font cmr10!
Missing character: There is no â in font cmr10!
Missing character: There is no € in font cmr10!
Missing character: There is no ” in font cmr10!
Missing character: There is no â in font cmr10!
Missing character: There is no € in font cmr10!
Missing character: There is no ” in font cmr10!

Overfull \hbox (13.02484pt too wide) in paragraph at lines 117--124
[][] 
 []

Missing character: There is no â in font cmr10!
Missing character: There is no € in font cmr10!
Missing character: There is no ” in font cmr10!
Missing character: There is no â in font cmr10!
Missing character: There is no € in font cmr10!
Missing character: There is no ” in font cmr10!

Overfull \hbox (60.88399pt too wide) has occurred while \output is active
\OT1/cmr/m/sl/10 CHAPTER 4.  EVALUATING UNCERTAINTY IN VECTOR NETWORK ANALYSER 
MEASUREMENTS \OT1/cmr/m/n/10 7
 []

[7]
Overfull \hbox (60.88399pt too wide) has occurred while \output is active
\OT1/cmr/m/sl/10 CHAPTER 4.  EVALUATING UNCERTAINTY IN VECTOR NETWORK ANALYSER 
MEASUREMENTS \OT1/cmr/m/n/10 8
 []

[8 <../figs/ch4-vnaunc/coaxial_load.png> <../figs/ch4-vnaunc/coaxial_short.png>
]

LaTeX Warning: No positions in optional float specifier.
               Default added (so using `tbp') on input line 130.


Overfull \hbox (7.511pt too wide) in paragraph at lines 131--139
[][] 
 []

Missing character: There is no â in font cmr10!
Missing character: There is no € in font cmr10!
Missing character: There is no ” in font cmr10!
Missing character: There is no â in font cmr10!
Missing character: There is no € in font cmr10!
Missing character: There is no ” in font cmr10!

LaTeX Warning: No positions in optional float specifier.
               Default added (so using `tbp') on input line 147.


Overfull \hbox (7.511pt too wide) in paragraph at lines 148--156
[][] 
 []

Missing character: There is no â in font cmr10!
Missing character: There is no € in font cmr10!
Missing character: There is no ” in font cmr10!

Overfull \hbox (60.88399pt too wide) has occurred while \output is active
\OT1/cmr/m/sl/10 CHAPTER 4.  EVALUATING UNCERTAINTY IN VECTOR NETWORK ANALYSER 
MEASUREMENTS \OT1/cmr/m/n/10 9
 []

[9]
<../figs/ch4-vnaunc/setup.jpg, id=61, 653.44125pt x 413.29407pt>
File: ../figs/ch4-vnaunc/setup.jpg Graphic file (type jpg)
<use ../figs/ch4-vnaunc/setup.jpg>
Package pdftex.def Info: ../figs/ch4-vnaunc/setup.jpg  used on input line 166.
(pdftex.def)             Requested size: 271.86234pt x 171.94897pt.

Overfull \hbox (65.884pt too wide) has occurred while \output is active
\OT1/cmr/m/sl/10 CHAPTER 4.  EVALUATING UNCERTAINTY IN VECTOR NETWORK ANALYSER 
MEASUREMENTS \OT1/cmr/m/n/10 10
 []

[10]

LaTeX Warning: No positions in optional float specifier.
               Default added (so using `tbp') on input line 171.

<../figs/ch4-vnaunc/wm380.png, id=65, 878.53218pt x 623.32875pt>
File: ../figs/ch4-vnaunc/wm380.png Graphic file (type png)
<use ../figs/ch4-vnaunc/wm380.png>
Package pdftex.def Info: ../figs/ch4-vnaunc/wm380.png  used on input line 184.
(pdftex.def)             Requested size: 271.86234pt x 192.88751pt.

Overfull \hbox (65.884pt too wide) has occurred while \output is active
\OT1/cmr/m/sl/10 CHAPTER 4.  EVALUATING UNCERTAINTY IN VECTOR NETWORK ANALYSER 
MEASUREMENTS \OT1/cmr/m/n/10 11
 []

[11 <../figs/ch4-vnaunc/setup.jpg>]
Overfull \hbox (65.884pt too wide) has occurred while \output is active
\OT1/cmr/m/sl/10 CHAPTER 4.  EVALUATING UNCERTAINTY IN VECTOR NETWORK ANALYSER 
MEASUREMENTS \OT1/cmr/m/n/10 12
 []

[12 <../figs/ch4-vnaunc/wm380.png>]
Overfull \hbox (65.884pt too wide) has occurred while \output is active
\OT1/cmr/m/sl/10 CHAPTER 4.  EVALUATING UNCERTAINTY IN VECTOR NETWORK ANALYSER 
MEASUREMENTS \OT1/cmr/m/n/10 13
 []

[13]
Overfull \hbox (65.884pt too wide) has occurred while \output is active
\OT1/cmr/m/sl/10 CHAPTER 4.  EVALUATING UNCERTAINTY IN VECTOR NETWORK ANALYSER 
MEASUREMENTS \OT1/cmr/m/n/10 14
 []

[14]

Package biblatex Warning: No driver for entry type 'standard'.
(biblatex)                Using fallback driver on input line 225.


Package biblatex Warning: No driver for entry type 'standard'.
(biblatex)                Using fallback driver on input line 225.

[15

]
Overfull \hbox (19.24397pt too wide) in paragraph at lines 225--225
\OT1/cmtt/m/n/10 en -[] GB / test -[] measurement / support / downloads / softw
are / dwl19572$ \OT1/cmr/m/n/10 (vi-si-ted on 07/16/2019). 
 []


Overfull \hbox (2.23737pt too wide) in paragraph at lines 225--225
\OT1/cmr/m/it/10 Wave and Te-ra-hertz En-gi-neer-ing & Techno-logy 2016\OT1/cmr
/m/n/10 , In-sti-tu-tion of En-gi-neer-ing and Techno-
 []

[16]
Package biblatex Info: Reference section=0 on input line 226.
 [17] (ch4-vnaunc.aux)
Package logreq Info: Writing requests to 'ch4-vnaunc.run.xml'.
\openout1 = `ch4-vnaunc.run.xml'.

 ) 
Here is how much of TeX's memory you used:
 19752 strings out of 493339
 374227 string characters out of 3130663
 859252 words of memory out of 3000000
 23104 multiletter control sequences out of 15000+200000
 540289 words of font info for 56 fonts, out of 3000000 for 9000
 1127 hyphenation exceptions out of 8191
 58i,13n,47p,10500b,1362s stack positions out of 5000i,500n,10000p,200000b,50000s
<C:/Users/helgr/AppData/Local/Programs/MiKTeX 2.9/fonts/type1/public/amsfonts
/cm/cmbx10.pfb><C:/Users/helgr/AppData/Local/Programs/MiKTeX 2.9/fonts/type1/pu
blic/amsfonts/cm/cmbx12.pfb><C:/Users/helgr/AppData/Local/Programs/MiKTeX 2.9/f
onts/type1/public/amsfonts/cm/cmcsc10.pfb><C:/Users/helgr/AppData/Local/Program
s/MiKTeX 2.9/fonts/type1/public/amsfonts/cm/cmmi10.pfb><C:/Users/helgr/AppData/
Local/Programs/MiKTeX 2.9/fonts/type1/public/amsfonts/cm/cmmi7.pfb><C:/Users/he
lgr/AppData/Local/Programs/MiKTeX 2.9/fonts/type1/public/amsfonts/cm/cmmi9.pfb>
<C:/Users/helgr/AppData/Local/Programs/MiKTeX 2.9/fonts/type1/public/amsfonts/c
m/cmr10.pfb><C:/Users/helgr/AppData/Local/Programs/MiKTeX 2.9/fonts/type1/publi
c/amsfonts/cm/cmr6.pfb><C:/Users/helgr/AppData/Local/Programs/MiKTeX 2.9/fonts/
type1/public/amsfonts/cm/cmr7.pfb><C:/Users/helgr/AppData/Local/Programs/MiKTeX
 2.9/fonts/type1/public/amsfonts/cm/cmr9.pfb><C:/Users/helgr/AppData/Local/Prog
rams/MiKTeX 2.9/fonts/type1/public/amsfonts/cm/cmsl10.pfb><C:/Users/helgr/AppDa
ta/Local/Programs/MiKTeX 2.9/fonts/type1/public/amsfonts/cm/cmsy10.pfb><C:/User
s/helgr/AppData/Local/Programs/MiKTeX 2.9/fonts/type1/public/amsfonts/cm/cmsy9.
pfb><C:/Users/helgr/AppData/Local/Programs/MiKTeX 2.9/fonts/type1/public/amsfon
ts/cm/cmti10.pfb><C:/Users/helgr/AppData/Local/Programs/MiKTeX 2.9/fonts/type1/
public/amsfonts/cm/cmtt10.pfb>
Output written on ch4-vnaunc.pdf (17 pages, 614552 bytes).
PDF statistics:
 139 PDF objects out of 1000 (max. 8388607)
 0 named destinations out of 1000 (max. 500000)
 56 words of extra memory for PDF output out of 10000 (max. 10000000)

